{"/Users/christianfischer/Documents/Projects/Private/admont-ai/admont-ai-ui/src/components/mermaid-editor/diagram-detector.ts": {"path":"/Users/christianfischer/Documents/Projects/Private/admont-ai/admont-ai-ui/src/components/mermaid-editor/diagram-detector.ts","statementMap":{"0":{"start":{"line":3,"column":21},"end":{"line":8,"column":null}},"1":{"start":{"line":20,"column":18},"end":{"line":20,"column":null}},"2":{"start":{"line":21,"column":20},"end":{"line":21,"column":null}},"3":{"start":{"line":24,"column":2},"end":{"line":26,"column":null}},"4":{"start":{"line":25,"column":4},"end":{"line":25,"column":null}},"5":{"start":{"line":27,"column":2},"end":{"line":29,"column":null}},"6":{"start":{"line":28,"column":4},"end":{"line":28,"column":null}},"7":{"start":{"line":30,"column":2},"end":{"line":32,"column":null}},"8":{"start":{"line":31,"column":4},"end":{"line":31,"column":null}},"9":{"start":{"line":33,"column":2},"end":{"line":35,"column":null}},"10":{"start":{"line":34,"column":4},"end":{"line":34,"column":null}},"11":{"start":{"line":36,"column":2},"end":{"line":38,"column":null}},"12":{"start":{"line":37,"column":4},"end":{"line":37,"column":null}},"13":{"start":{"line":39,"column":2},"end":{"line":41,"column":null}},"14":{"start":{"line":40,"column":4},"end":{"line":40,"column":null}},"15":{"start":{"line":42,"column":2},"end":{"line":44,"column":null}},"16":{"start":{"line":43,"column":4},"end":{"line":43,"column":null}},"17":{"start":{"line":45,"column":2},"end":{"line":47,"column":null}},"18":{"start":{"line":46,"column":4},"end":{"line":46,"column":null}},"19":{"start":{"line":49,"column":2},"end":{"line":49,"column":null}},"20":{"start":{"line":53,"column":2},"end":{"line":53,"column":null}}},"fnMap":{"0":{"name":"detectDiagramType","decl":{"start":{"line":19,"column":16},"end":{"line":19,"column":34}},"loc":{"start":{"line":19,"column":65},"end":{"line":50,"column":null}},"line":19},"1":{"name":"isVisualDiagramType","decl":{"start":{"line":52,"column":16},"end":{"line":52,"column":36}},"loc":{"start":{"line":52,"column":82},"end":{"line":54,"column":null}},"line":52}},"branchMap":{"0":{"loc":{"start":{"line":24,"column":2},"end":{"line":26,"column":null}},"type":"if","locations":[{"start":{"line":24,"column":2},"end":{"line":26,"column":null}},{"start":{},"end":{}}],"line":24},"1":{"loc":{"start":{"line":24,"column":6},"end":{"line":24,"column":75}},"type":"binary-expr","locations":[{"start":{"line":24,"column":6},"end":{"line":24,"column":40}},{"start":{"line":24,"column":40},"end":{"line":24,"column":75}}],"line":24},"2":{"loc":{"start":{"line":27,"column":2},"end":{"line":29,"column":null}},"type":"if","locations":[{"start":{"line":27,"column":2},"end":{"line":29,"column":null}},{"start":{},"end":{}}],"line":27},"3":{"loc":{"start":{"line":30,"column":2},"end":{"line":32,"column":null}},"type":"if","locations":[{"start":{"line":30,"column":2},"end":{"line":32,"column":null}},{"start":{},"end":{}}],"line":30},"4":{"loc":{"start":{"line":33,"column":2},"end":{"line":35,"column":null}},"type":"if","locations":[{"start":{"line":33,"column":2},"end":{"line":35,"column":null}},{"start":{},"end":{}}],"line":33},"5":{"loc":{"start":{"line":36,"column":2},"end":{"line":38,"column":null}},"type":"if","locations":[{"start":{"line":36,"column":2},"end":{"line":38,"column":null}},{"start":{},"end":{}}],"line":36},"6":{"loc":{"start":{"line":39,"column":2},"end":{"line":41,"column":null}},"type":"if","locations":[{"start":{"line":39,"column":2},"end":{"line":41,"column":null}},{"start":{},"end":{}}],"line":39},"7":{"loc":{"start":{"line":42,"column":2},"end":{"line":44,"column":null}},"type":"if","locations":[{"start":{"line":42,"column":2},"end":{"line":44,"column":null}},{"start":{},"end":{}}],"line":42},"8":{"loc":{"start":{"line":45,"column":2},"end":{"line":47,"column":null}},"type":"if","locations":[{"start":{"line":45,"column":2},"end":{"line":47,"column":null}},{"start":{},"end":{}}],"line":45}},"s":{"0":1,"1":13,"2":13,"3":13,"4":4,"5":9,"6":1,"7":8,"8":1,"9":7,"10":1,"11":6,"12":1,"13":5,"14":1,"15":4,"16":1,"17":3,"18":1,"19":2,"20":9},"f":{"0":13,"1":9},"b":{"0":[4,9],"1":[13,12],"2":[1,8],"3":[1,7],"4":[1,6],"5":[1,5],"6":[1,4],"7":[1,3],"8":[1,2]},"meta":{"lastBranch":9,"lastFunction":2,"lastStatement":21,"seen":{"s:3:21:8:Infinity":0,"f:19:16:19:34":0,"s:20:18:20:Infinity":1,"s:21:20:21:Infinity":2,"b:24:2:26:Infinity:undefined:undefined:undefined:undefined":0,"s:24:2:26:Infinity":3,"b:24:6:24:40:24:40:24:75":1,"s:25:4:25:Infinity":4,"b:27:2:29:Infinity:undefined:undefined:undefined:undefined":2,"s:27:2:29:Infinity":5,"s:28:4:28:Infinity":6,"b:30:2:32:Infinity:undefined:undefined:undefined:undefined":3,"s:30:2:32:Infinity":7,"s:31:4:31:Infinity":8,"b:33:2:35:Infinity:undefined:undefined:undefined:undefined":4,"s:33:2:35:Infinity":9,"s:34:4:34:Infinity":10,"b:36:2:38:Infinity:undefined:undefined:undefined:undefined":5,"s:36:2:38:Infinity":11,"s:37:4:37:Infinity":12,"b:39:2:41:Infinity:undefined:undefined:undefined:undefined":6,"s:39:2:41:Infinity":13,"s:40:4:40:Infinity":14,"b:42:2:44:Infinity:undefined:undefined:undefined:undefined":7,"s:42:2:44:Infinity":15,"s:43:4:43:Infinity":16,"b:45:2:47:Infinity:undefined:undefined:undefined:undefined":8,"s:45:2:47:Infinity":17,"s:46:4:46:Infinity":18,"s:49:2:49:Infinity":19,"f:52:16:52:36":1,"s:53:2:53:Infinity":20}}}
,"/Users/christianfischer/Documents/Projects/Private/admont-ai/admont-ai-ui/src/components/ui/provider-icon.tsx": {"path":"/Users/christianfischer/Documents/Projects/Private/admont-ai/admont-ai-ui/src/components/ui/provider-icon.tsx","statementMap":{"0":{"start":{"line":12,"column":2},"end":{"line":12,"column":null}},"1":{"start":{"line":12,"column":17},"end":{"line":12,"column":null}},"2":{"start":{"line":13,"column":14},"end":{"line":13,"column":null}},"3":{"start":{"line":14,"column":15},"end":{"line":14,"column":null}},"4":{"start":{"line":15,"column":2},"end":{"line":15,"column":null}},"5":{"start":{"line":15,"column":12},"end":{"line":15,"column":null}},"6":{"start":{"line":17,"column":2},"end":{"line":20,"column":null}},"7":{"start":{"line":25,"column":40},"end":{"line":47,"column":null}},"8":{"start":{"line":48,"column":2},"end":{"line":48,"column":null}},"9":{"start":{"line":48,"column":17},"end":{"line":48,"column":null}},"10":{"start":{"line":49,"column":2},"end":{"line":49,"column":null}},"11":{"start":{"line":54,"column":2},"end":{"line":54,"column":null}},"12":{"start":{"line":54,"column":12},"end":{"line":54,"column":null}},"13":{"start":{"line":55,"column":16},"end":{"line":55,"column":null}},"14":{"start":{"line":56,"column":2},"end":{"line":56,"column":null}},"15":{"start":{"line":56,"column":81},"end":{"line":56,"column":null}},"16":{"start":{"line":57,"column":2},"end":{"line":57,"column":null}},"17":{"start":{"line":57,"column":36},"end":{"line":57,"column":null}},"18":{"start":{"line":58,"column":2},"end":{"line":58,"column":null}},"19":{"start":{"line":58,"column":64},"end":{"line":58,"column":null}},"20":{"start":{"line":59,"column":2},"end":{"line":59,"column":null}},"21":{"start":{"line":59,"column":82},"end":{"line":59,"column":null}},"22":{"start":{"line":60,"column":2},"end":{"line":60,"column":null}},"23":{"start":{"line":60,"column":60},"end":{"line":60,"column":null}},"24":{"start":{"line":61,"column":2},"end":{"line":61,"column":null}},"25":{"start":{"line":61,"column":43},"end":{"line":61,"column":null}},"26":{"start":{"line":62,"column":2},"end":{"line":62,"column":null}},"27":{"start":{"line":62,"column":38},"end":{"line":62,"column":null}},"28":{"start":{"line":63,"column":2},"end":{"line":63,"column":null}},"29":{"start":{"line":63,"column":37},"end":{"line":63,"column":null}},"30":{"start":{"line":64,"column":2},"end":{"line":64,"column":null}},"31":{"start":{"line":64,"column":35},"end":{"line":64,"column":null}},"32":{"start":{"line":65,"column":2},"end":{"line":65,"column":null}},"33":{"start":{"line":65,"column":39},"end":{"line":65,"column":null}},"34":{"start":{"line":66,"column":2},"end":{"line":66,"column":null}},"35":{"start":{"line":66,"column":38},"end":{"line":66,"column":null}},"36":{"start":{"line":67,"column":2},"end":{"line":67,"column":null}},"37":{"start":{"line":67,"column":68},"end":{"line":67,"column":null}},"38":{"start":{"line":68,"column":2},"end":{"line":68,"column":null}},"39":{"start":{"line":68,"column":56},"end":{"line":68,"column":null}},"40":{"start":{"line":69,"column":2},"end":{"line":69,"column":null}},"41":{"start":{"line":69,"column":34},"end":{"line":69,"column":null}},"42":{"start":{"line":70,"column":2},"end":{"line":70,"column":null}},"43":{"start":{"line":70,"column":62},"end":{"line":70,"column":null}},"44":{"start":{"line":71,"column":2},"end":{"line":71,"column":null}},"45":{"start":{"line":77,"column":2},"end":{"line":83,"column":null}},"46":{"start":{"line":88,"column":2},"end":{"line":91,"column":null}},"47":{"start":{"line":96,"column":2},"end":{"line":105,"column":null}},"48":{"start":{"line":110,"column":2},"end":{"line":116,"column":null}},"49":{"start":{"line":121,"column":2},"end":{"line":124,"column":null}},"50":{"start":{"line":129,"column":2},"end":{"line":132,"column":null}},"51":{"start":{"line":137,"column":2},"end":{"line":140,"column":null}},"52":{"start":{"line":145,"column":2},"end":{"line":148,"column":null}},"53":{"start":{"line":153,"column":2},"end":{"line":156,"column":null}},"54":{"start":{"line":161,"column":2},"end":{"line":164,"column":null}},"55":{"start":{"line":169,"column":2},"end":{"line":175,"column":null}},"56":{"start":{"line":180,"column":2},"end":{"line":183,"column":null}},"57":{"start":{"line":188,"column":2},"end":{"line":191,"column":null}},"58":{"start":{"line":196,"column":2},"end":{"line":202,"column":null}},"59":{"start":{"line":207,"column":2},"end":{"line":211,"column":null}},"60":{"start":{"line":216,"column":2},"end":{"line":219,"column":null}},"61":{"start":{"line":224,"column":2},"end":{"line":227,"column":null}},"62":{"start":{"line":231,"column":73},"end":{"line":253,"column":null}},"63":{"start":{"line":258,"column":2},"end":{"line":258,"column":null}},"64":{"start":{"line":258,"column":17},"end":{"line":258,"column":null}},"65":{"start":{"line":259,"column":14},"end":{"line":259,"column":null}},"66":{"start":{"line":260,"column":15},"end":{"line":260,"column":null}},"67":{"start":{"line":261,"column":2},"end":{"line":261,"column":null}},"68":{"start":{"line":261,"column":12},"end":{"line":261,"column":null}},"69":{"start":{"line":263,"column":2},"end":{"line":266,"column":null}},"70":{"start":{"line":271,"column":40},"end":{"line":292,"column":null}},"71":{"start":{"line":293,"column":2},"end":{"line":293,"column":null}},"72":{"start":{"line":293,"column":17},"end":{"line":293,"column":null}},"73":{"start":{"line":294,"column":14},"end":{"line":294,"column":null}},"74":{"start":{"line":295,"column":2},"end":{"line":295,"column":null}},"75":{"start":{"line":299,"column":2},"end":{"line":302,"column":null}},"76":{"start":{"line":307,"column":2},"end":{"line":310,"column":null}},"77":{"start":{"line":315,"column":2},"end":{"line":318,"column":null}},"78":{"start":{"line":323,"column":2},"end":{"line":334,"column":null}},"79":{"start":{"line":339,"column":2},"end":{"line":342,"column":null}},"80":{"start":{"line":347,"column":2},"end":{"line":351,"column":null}},"81":{"start":{"line":356,"column":2},"end":{"line":359,"column":null}},"82":{"start":{"line":364,"column":2},"end":{"line":367,"column":null}},"83":{"start":{"line":372,"column":2},"end":{"line":375,"column":null}},"84":{"start":{"line":380,"column":2},"end":{"line":386,"column":null}},"85":{"start":{"line":391,"column":2},"end":{"line":394,"column":null}},"86":{"start":{"line":399,"column":2},"end":{"line":403,"column":null}},"87":{"start":{"line":408,"column":2},"end":{"line":415,"column":null}},"88":{"start":{"line":420,"column":2},"end":{"line":425,"column":null}},"89":{"start":{"line":430,"column":2},"end":{"line":436,"column":null}},"90":{"start":{"line":443,"column":2},"end":{"line":443,"column":null}},"91":{"start":{"line":443,"column":17},"end":{"line":443,"column":null}},"92":{"start":{"line":444,"column":14},"end":{"line":444,"column":null}},"93":{"start":{"line":445,"column":15},"end":{"line":445,"column":null}},"94":{"start":{"line":446,"column":2},"end":{"line":446,"column":null}},"95":{"start":{"line":446,"column":12},"end":{"line":446,"column":null}},"96":{"start":{"line":448,"column":2},"end":{"line":451,"column":null}},"97":{"start":{"line":456,"column":40},"end":{"line":477,"column":null}},"98":{"start":{"line":478,"column":2},"end":{"line":478,"column":null}},"99":{"start":{"line":478,"column":17},"end":{"line":478,"column":null}},"100":{"start":{"line":479,"column":14},"end":{"line":479,"column":null}},"101":{"start":{"line":480,"column":2},"end":{"line":480,"column":null}},"102":{"start":{"line":484,"column":2},"end":{"line":487,"column":null}},"103":{"start":{"line":492,"column":2},"end":{"line":497,"column":null}},"104":{"start":{"line":502,"column":2},"end":{"line":506,"column":null}},"105":{"start":{"line":511,"column":2},"end":{"line":514,"column":null}},"106":{"start":{"line":519,"column":2},"end":{"line":522,"column":null}},"107":{"start":{"line":527,"column":2},"end":{"line":530,"column":null}},"108":{"start":{"line":535,"column":2},"end":{"line":538,"column":null}},"109":{"start":{"line":543,"column":2},"end":{"line":546,"column":null}},"110":{"start":{"line":550,"column":80},"end":{"line":564,"column":null}},"111":{"start":{"line":566,"column":77},"end":{"line":590,"column":null}}},"fnMap":{"0":{"name":"ProviderIcon","decl":{"start":{"line":11,"column":16},"end":{"line":11,"column":29}},"loc":{"start":{"line":11,"column":84},"end":{"line":22,"column":null}},"line":11},"1":{"name":"formatProviderName","decl":{"start":{"line":24,"column":16},"end":{"line":24,"column":35}},"loc":{"start":{"line":24,"column":61},"end":{"line":50,"column":null}},"line":24},"2":{"name":"providerFromIssuer","decl":{"start":{"line":53,"column":16},"end":{"line":53,"column":35}},"loc":{"start":{"line":53,"column":75},"end":{"line":72,"column":null}},"line":53},"3":{"name":"GoogleIcon","decl":{"start":{"line":76,"column":9},"end":{"line":76,"column":20}},"loc":{"start":{"line":76,"column":59},"end":{"line":85,"column":null}},"line":76},"4":{"name":"GitHubIcon","decl":{"start":{"line":87,"column":9},"end":{"line":87,"column":20}},"loc":{"start":{"line":87,"column":59},"end":{"line":93,"column":null}},"line":87},"5":{"name":"GitLabIcon","decl":{"start":{"line":95,"column":9},"end":{"line":95,"column":20}},"loc":{"start":{"line":95,"column":59},"end":{"line":107,"column":null}},"line":95},"6":{"name":"MicrosoftIcon","decl":{"start":{"line":109,"column":9},"end":{"line":109,"column":23}},"loc":{"start":{"line":109,"column":62},"end":{"line":118,"column":null}},"line":109},"7":{"name":"AppleIcon","decl":{"start":{"line":120,"column":9},"end":{"line":120,"column":19}},"loc":{"start":{"line":120,"column":58},"end":{"line":126,"column":null}},"line":120},"8":{"name":"OktaIcon","decl":{"start":{"line":128,"column":9},"end":{"line":128,"column":18}},"loc":{"start":{"line":128,"column":57},"end":{"line":134,"column":null}},"line":128},"9":{"name":"KeycloakIcon","decl":{"start":{"line":136,"column":9},"end":{"line":136,"column":22}},"loc":{"start":{"line":136,"column":61},"end":{"line":142,"column":null}},"line":136},"10":{"name":"OidcIcon","decl":{"start":{"line":144,"column":9},"end":{"line":144,"column":18}},"loc":{"start":{"line":144,"column":57},"end":{"line":150,"column":null}},"line":144},"11":{"name":"FacebookIcon","decl":{"start":{"line":152,"column":9},"end":{"line":152,"column":22}},"loc":{"start":{"line":152,"column":61},"end":{"line":158,"column":null}},"line":152},"12":{"name":"DiscordIcon","decl":{"start":{"line":160,"column":9},"end":{"line":160,"column":21}},"loc":{"start":{"line":160,"column":60},"end":{"line":166,"column":null}},"line":160},"13":{"name":"SlackIcon","decl":{"start":{"line":168,"column":9},"end":{"line":168,"column":19}},"loc":{"start":{"line":168,"column":58},"end":{"line":177,"column":null}},"line":168},"14":{"name":"BitbucketIcon","decl":{"start":{"line":179,"column":9},"end":{"line":179,"column":23}},"loc":{"start":{"line":179,"column":62},"end":{"line":185,"column":null}},"line":179},"15":{"name":"LinkedInIcon","decl":{"start":{"line":187,"column":9},"end":{"line":187,"column":22}},"loc":{"start":{"line":187,"column":61},"end":{"line":193,"column":null}},"line":187},"16":{"name":"CognitoIcon","decl":{"start":{"line":195,"column":9},"end":{"line":195,"column":21}},"loc":{"start":{"line":195,"column":60},"end":{"line":204,"column":null}},"line":195},"17":{"name":"HydraIcon","decl":{"start":{"line":206,"column":9},"end":{"line":206,"column":19}},"loc":{"start":{"line":206,"column":58},"end":{"line":213,"column":null}},"line":206},"18":{"name":"Auth0Icon","decl":{"start":{"line":215,"column":9},"end":{"line":215,"column":19}},"loc":{"start":{"line":215,"column":58},"end":{"line":221,"column":null}},"line":215},"19":{"name":"InternalIcon","decl":{"start":{"line":223,"column":9},"end":{"line":223,"column":22}},"loc":{"start":{"line":223,"column":61},"end":{"line":229,"column":null}},"line":223},"20":{"name":"LlmProviderIcon","decl":{"start":{"line":257,"column":16},"end":{"line":257,"column":32}},"loc":{"start":{"line":257,"column":87},"end":{"line":268,"column":null}},"line":257},"21":{"name":"formatLlmProviderName","decl":{"start":{"line":270,"column":16},"end":{"line":270,"column":38}},"loc":{"start":{"line":270,"column":64},"end":{"line":296,"column":null}},"line":270},"22":{"name":"OpenAIIcon","decl":{"start":{"line":298,"column":9},"end":{"line":298,"column":20}},"loc":{"start":{"line":298,"column":59},"end":{"line":304,"column":null}},"line":298},"23":{"name":"AnthropicIcon","decl":{"start":{"line":306,"column":9},"end":{"line":306,"column":23}},"loc":{"start":{"line":306,"column":62},"end":{"line":312,"column":null}},"line":306},"24":{"name":"GeminiIcon","decl":{"start":{"line":314,"column":9},"end":{"line":314,"column":20}},"loc":{"start":{"line":314,"column":59},"end":{"line":320,"column":null}},"line":314},"25":{"name":"MistralIcon","decl":{"start":{"line":322,"column":9},"end":{"line":322,"column":21}},"loc":{"start":{"line":322,"column":60},"end":{"line":336,"column":null}},"line":322},"26":{"name":"MetaIcon","decl":{"start":{"line":338,"column":9},"end":{"line":338,"column":18}},"loc":{"start":{"line":338,"column":57},"end":{"line":344,"column":null}},"line":338},"27":{"name":"CohereIcon","decl":{"start":{"line":346,"column":9},"end":{"line":346,"column":20}},"loc":{"start":{"line":346,"column":59},"end":{"line":353,"column":null}},"line":346},"28":{"name":"GroqIcon","decl":{"start":{"line":355,"column":9},"end":{"line":355,"column":18}},"loc":{"start":{"line":355,"column":57},"end":{"line":361,"column":null}},"line":355},"29":{"name":"DeepSeekIcon","decl":{"start":{"line":363,"column":9},"end":{"line":363,"column":22}},"loc":{"start":{"line":363,"column":61},"end":{"line":369,"column":null}},"line":363},"30":{"name":"OllamaIcon","decl":{"start":{"line":371,"column":9},"end":{"line":371,"column":20}},"loc":{"start":{"line":371,"column":59},"end":{"line":377,"column":null}},"line":371},"31":{"name":"AzureOpenAIIcon","decl":{"start":{"line":379,"column":9},"end":{"line":379,"column":25}},"loc":{"start":{"line":379,"column":64},"end":{"line":388,"column":null}},"line":379},"32":{"name":"PerplexityIcon","decl":{"start":{"line":390,"column":9},"end":{"line":390,"column":24}},"loc":{"start":{"line":390,"column":63},"end":{"line":396,"column":null}},"line":390},"33":{"name":"FireworksIcon","decl":{"start":{"line":398,"column":9},"end":{"line":398,"column":23}},"loc":{"start":{"line":398,"column":62},"end":{"line":405,"column":null}},"line":398},"34":{"name":"TogetherIcon","decl":{"start":{"line":407,"column":9},"end":{"line":407,"column":22}},"loc":{"start":{"line":407,"column":61},"end":{"line":417,"column":null}},"line":407},"35":{"name":"BedrockIcon","decl":{"start":{"line":419,"column":9},"end":{"line":419,"column":21}},"loc":{"start":{"line":419,"column":60},"end":{"line":427,"column":null}},"line":419},"36":{"name":"VertexIcon","decl":{"start":{"line":429,"column":9},"end":{"line":429,"column":20}},"loc":{"start":{"line":429,"column":59},"end":{"line":438,"column":null}},"line":429},"37":{"name":"SearchProviderIcon","decl":{"start":{"line":442,"column":16},"end":{"line":442,"column":35}},"loc":{"start":{"line":442,"column":90},"end":{"line":453,"column":null}},"line":442},"38":{"name":"formatSearchProviderName","decl":{"start":{"line":455,"column":16},"end":{"line":455,"column":41}},"loc":{"start":{"line":455,"column":67},"end":{"line":481,"column":null}},"line":455},"39":{"name":"MeilisearchIcon","decl":{"start":{"line":483,"column":9},"end":{"line":483,"column":25}},"loc":{"start":{"line":483,"column":64},"end":{"line":489,"column":null}},"line":483},"40":{"name":"ElasticsearchIcon","decl":{"start":{"line":491,"column":9},"end":{"line":491,"column":27}},"loc":{"start":{"line":491,"column":66},"end":{"line":499,"column":null}},"line":491},"41":{"name":"TypesenseIcon","decl":{"start":{"line":501,"column":9},"end":{"line":501,"column":23}},"loc":{"start":{"line":501,"column":62},"end":{"line":508,"column":null}},"line":501},"42":{"name":"AlgoliaIcon","decl":{"start":{"line":510,"column":9},"end":{"line":510,"column":21}},"loc":{"start":{"line":510,"column":60},"end":{"line":516,"column":null}},"line":510},"43":{"name":"QdrantIcon","decl":{"start":{"line":518,"column":9},"end":{"line":518,"column":20}},"loc":{"start":{"line":518,"column":59},"end":{"line":524,"column":null}},"line":518},"44":{"name":"WeaviateIcon","decl":{"start":{"line":526,"column":9},"end":{"line":526,"column":22}},"loc":{"start":{"line":526,"column":61},"end":{"line":532,"column":null}},"line":526},"45":{"name":"PineconeIcon","decl":{"start":{"line":534,"column":9},"end":{"line":534,"column":22}},"loc":{"start":{"line":534,"column":61},"end":{"line":540,"column":null}},"line":534},"46":{"name":"PostgresIcon","decl":{"start":{"line":542,"column":9},"end":{"line":542,"column":22}},"loc":{"start":{"line":542,"column":61},"end":{"line":548,"column":null}},"line":542}},"branchMap":{"0":{"loc":{"start":{"line":11,"column":41},"end":{"line":11,"column":62}},"type":"default-arg","locations":[{"start":{"line":11,"column":53},"end":{"line":11,"column":62}}],"line":11},"1":{"loc":{"start":{"line":12,"column":2},"end":{"line":12,"column":null}},"type":"if","locations":[{"start":{"line":12,"column":2},"end":{"line":12,"column":null}},{"start":{},"end":{}}],"line":12},"2":{"loc":{"start":{"line":15,"column":2},"end":{"line":15,"column":null}},"type":"if","locations":[{"start":{"line":15,"column":2},"end":{"line":15,"column":null}},{"start":{},"end":{}}],"line":15},"3":{"loc":{"start":{"line":48,"column":2},"end":{"line":48,"column":null}},"type":"if","locations":[{"start":{"line":48,"column":2},"end":{"line":48,"column":null}},{"start":{},"end":{}}],"line":48},"4":{"loc":{"start":{"line":49,"column":9},"end":{"line":49,"column":null}},"type":"binary-expr","locations":[{"start":{"line":49,"column":9},"end":{"line":49,"column":42}},{"start":{"line":49,"column":42},"end":{"line":49,"column":null}}],"line":49},"5":{"loc":{"start":{"line":54,"column":2},"end":{"line":54,"column":null}},"type":"if","locations":[{"start":{"line":54,"column":2},"end":{"line":54,"column":null}},{"start":{},"end":{}}],"line":54},"6":{"loc":{"start":{"line":56,"column":2},"end":{"line":56,"column":null}},"type":"if","locations":[{"start":{"line":56,"column":2},"end":{"line":56,"column":null}},{"start":{},"end":{}}],"line":56},"7":{"loc":{"start":{"line":56,"column":6},"end":{"line":56,"column":81}},"type":"binary-expr","locations":[{"start":{"line":56,"column":6},"end":{"line":56,"column":47}},{"start":{"line":56,"column":47},"end":{"line":56,"column":81}}],"line":56},"8":{"loc":{"start":{"line":57,"column":2},"end":{"line":57,"column":null}},"type":"if","locations":[{"start":{"line":57,"column":2},"end":{"line":57,"column":null}},{"start":{},"end":{}}],"line":57},"9":{"loc":{"start":{"line":58,"column":2},"end":{"line":58,"column":null}},"type":"if","locations":[{"start":{"line":58,"column":2},"end":{"line":58,"column":null}},{"start":{},"end":{}}],"line":58},"10":{"loc":{"start":{"line":58,"column":6},"end":{"line":58,"column":64}},"type":"binary-expr","locations":[{"start":{"line":58,"column":6},"end":{"line":58,"column":38}},{"start":{"line":58,"column":38},"end":{"line":58,"column":64}}],"line":58},"11":{"loc":{"start":{"line":59,"column":2},"end":{"line":59,"column":null}},"type":"if","locations":[{"start":{"line":59,"column":2},"end":{"line":59,"column":null}},{"start":{},"end":{}}],"line":59},"12":{"loc":{"start":{"line":59,"column":6},"end":{"line":59,"column":82}},"type":"binary-expr","locations":[{"start":{"line":59,"column":6},"end":{"line":59,"column":53}},{"start":{"line":59,"column":53},"end":{"line":59,"column":82}}],"line":59},"13":{"loc":{"start":{"line":60,"column":2},"end":{"line":60,"column":null}},"type":"if","locations":[{"start":{"line":60,"column":2},"end":{"line":60,"column":null}},{"start":{},"end":{}}],"line":60},"14":{"loc":{"start":{"line":60,"column":6},"end":{"line":60,"column":60}},"type":"binary-expr","locations":[{"start":{"line":60,"column":6},"end":{"line":60,"column":36}},{"start":{"line":60,"column":36},"end":{"line":60,"column":60}}],"line":60},"15":{"loc":{"start":{"line":61,"column":2},"end":{"line":61,"column":null}},"type":"if","locations":[{"start":{"line":61,"column":2},"end":{"line":61,"column":null}},{"start":{},"end":{}}],"line":61},"16":{"loc":{"start":{"line":62,"column":2},"end":{"line":62,"column":null}},"type":"if","locations":[{"start":{"line":62,"column":2},"end":{"line":62,"column":null}},{"start":{},"end":{}}],"line":62},"17":{"loc":{"start":{"line":63,"column":2},"end":{"line":63,"column":null}},"type":"if","locations":[{"start":{"line":63,"column":2},"end":{"line":63,"column":null}},{"start":{},"end":{}}],"line":63},"18":{"loc":{"start":{"line":64,"column":2},"end":{"line":64,"column":null}},"type":"if","locations":[{"start":{"line":64,"column":2},"end":{"line":64,"column":null}},{"start":{},"end":{}}],"line":64},"19":{"loc":{"start":{"line":65,"column":2},"end":{"line":65,"column":null}},"type":"if","locations":[{"start":{"line":65,"column":2},"end":{"line":65,"column":null}},{"start":{},"end":{}}],"line":65},"20":{"loc":{"start":{"line":66,"column":2},"end":{"line":66,"column":null}},"type":"if","locations":[{"start":{"line":66,"column":2},"end":{"line":66,"column":null}},{"start":{},"end":{}}],"line":66},"21":{"loc":{"start":{"line":67,"column":2},"end":{"line":67,"column":null}},"type":"if","locations":[{"start":{"line":67,"column":2},"end":{"line":67,"column":null}},{"start":{},"end":{}}],"line":67},"22":{"loc":{"start":{"line":67,"column":6},"end":{"line":67,"column":68}},"type":"binary-expr","locations":[{"start":{"line":67,"column":6},"end":{"line":67,"column":35}},{"start":{"line":67,"column":35},"end":{"line":67,"column":68}}],"line":67},"23":{"loc":{"start":{"line":68,"column":2},"end":{"line":68,"column":null}},"type":"if","locations":[{"start":{"line":68,"column":2},"end":{"line":68,"column":null}},{"start":{},"end":{}}],"line":68},"24":{"loc":{"start":{"line":68,"column":6},"end":{"line":68,"column":56}},"type":"binary-expr","locations":[{"start":{"line":68,"column":6},"end":{"line":68,"column":33}},{"start":{"line":68,"column":33},"end":{"line":68,"column":56}}],"line":68},"25":{"loc":{"start":{"line":69,"column":2},"end":{"line":69,"column":null}},"type":"if","locations":[{"start":{"line":69,"column":2},"end":{"line":69,"column":null}},{"start":{},"end":{}}],"line":69},"26":{"loc":{"start":{"line":70,"column":2},"end":{"line":70,"column":null}},"type":"if","locations":[{"start":{"line":70,"column":2},"end":{"line":70,"column":null}},{"start":{},"end":{}}],"line":70},"27":{"loc":{"start":{"line":70,"column":6},"end":{"line":70,"column":62}},"type":"binary-expr","locations":[{"start":{"line":70,"column":6},"end":{"line":70,"column":37}},{"start":{"line":70,"column":37},"end":{"line":70,"column":62}}],"line":70},"28":{"loc":{"start":{"line":257,"column":44},"end":{"line":257,"column":65}},"type":"default-arg","locations":[{"start":{"line":257,"column":56},"end":{"line":257,"column":65}}],"line":257},"29":{"loc":{"start":{"line":258,"column":2},"end":{"line":258,"column":null}},"type":"if","locations":[{"start":{"line":258,"column":2},"end":{"line":258,"column":null}},{"start":{},"end":{}}],"line":258},"30":{"loc":{"start":{"line":261,"column":2},"end":{"line":261,"column":null}},"type":"if","locations":[{"start":{"line":261,"column":2},"end":{"line":261,"column":null}},{"start":{},"end":{}}],"line":261},"31":{"loc":{"start":{"line":293,"column":2},"end":{"line":293,"column":null}},"type":"if","locations":[{"start":{"line":293,"column":2},"end":{"line":293,"column":null}},{"start":{},"end":{}}],"line":293},"32":{"loc":{"start":{"line":295,"column":9},"end":{"line":295,"column":null}},"type":"binary-expr","locations":[{"start":{"line":295,"column":9},"end":{"line":295,"column":23}},{"start":{"line":295,"column":23},"end":{"line":295,"column":null}}],"line":295},"33":{"loc":{"start":{"line":442,"column":47},"end":{"line":442,"column":68}},"type":"default-arg","locations":[{"start":{"line":442,"column":59},"end":{"line":442,"column":68}}],"line":442},"34":{"loc":{"start":{"line":443,"column":2},"end":{"line":443,"column":null}},"type":"if","locations":[{"start":{"line":443,"column":2},"end":{"line":443,"column":null}},{"start":{},"end":{}}],"line":443},"35":{"loc":{"start":{"line":446,"column":2},"end":{"line":446,"column":null}},"type":"if","locations":[{"start":{"line":446,"column":2},"end":{"line":446,"column":null}},{"start":{},"end":{}}],"line":446},"36":{"loc":{"start":{"line":478,"column":2},"end":{"line":478,"column":null}},"type":"if","locations":[{"start":{"line":478,"column":2},"end":{"line":478,"column":null}},{"start":{},"end":{}}],"line":478},"37":{"loc":{"start":{"line":480,"column":9},"end":{"line":480,"column":null}},"type":"binary-expr","locations":[{"start":{"line":480,"column":9},"end":{"line":480,"column":23}},{"start":{"line":480,"column":23},"end":{"line":480,"column":null}}],"line":480}},"s":{"0":25,"1":1,"2":24,"3":24,"4":24,"5":24,"6":1,"7":15,"8":15,"9":1,"10":14,"11":19,"12":1,"13":18,"14":18,"15":3,"16":15,"17":1,"18":14,"19":1,"20":13,"21":1,"22":12,"23":1,"24":11,"25":1,"26":10,"27":1,"28":9,"29":1,"30":8,"31":1,"32":7,"33":1,"34":6,"35":1,"36":5,"37":1,"38":4,"39":1,"40":3,"41":1,"42":2,"43":1,"44":1,"45":3,"46":1,"47":1,"48":4,"49":1,"50":1,"51":1,"52":2,"53":1,"54":1,"55":1,"56":1,"57":1,"58":1,"59":0,"60":1,"61":2,"62":3,"63":26,"64":1,"65":25,"66":25,"67":25,"68":25,"69":1,"70":13,"71":13,"72":1,"73":12,"74":12,"75":1,"76":1,"77":2,"78":2,"79":2,"80":1,"81":1,"82":1,"83":1,"84":3,"85":1,"86":2,"87":2,"88":2,"89":2,"90":15,"91":1,"92":14,"93":14,"94":14,"95":14,"96":1,"97":11,"98":11,"99":1,"100":10,"101":10,"102":1,"103":3,"104":1,"105":1,"106":3,"107":1,"108":1,"109":2,"110":3,"111":3},"f":{"0":25,"1":15,"2":19,"3":3,"4":1,"5":1,"6":4,"7":1,"8":1,"9":1,"10":2,"11":1,"12":1,"13":1,"14":1,"15":1,"16":1,"17":0,"18":1,"19":2,"20":26,"21":13,"22":1,"23":1,"24":2,"25":2,"26":2,"27":1,"28":1,"29":1,"30":1,"31":3,"32":1,"33":2,"34":2,"35":2,"36":2,"37":15,"38":11,"39":1,"40":3,"41":1,"42":1,"43":3,"44":1,"45":1,"46":2},"b":{"0":[25],"1":[1,24],"2":[23,1],"3":[1,14],"4":[14,2],"5":[1,18],"6":[3,15],"7":[18,16],"8":[1,14],"9":[1,13],"10":[14,13],"11":[1,12],"12":[13,12],"13":[1,11],"14":[12,11],"15":[1,10],"16":[1,9],"17":[1,8],"18":[1,7],"19":[1,6],"20":[1,5],"21":[1,4],"22":[5,4],"23":[1,3],"24":[4,3],"25":[1,2],"26":[1,1],"27":[2,1],"28":[26],"29":[1,25],"30":[24,1],"31":[1,12],"32":[12,1],"33":[15],"34":[1,14],"35":[13,1],"36":[1,10],"37":[10,1]},"meta":{"lastBranch":38,"lastFunction":47,"lastStatement":112,"seen":{"f:11:16:11:29":0,"b:11:53:11:62":0,"b:12:2:12:Infinity:undefined:undefined:undefined:undefined":1,"s:12:2:12:Infinity":0,"s:12:17:12:Infinity":1,"s:13:14:13:Infinity":2,"s:14:15:14:Infinity":3,"b:15:2:15:Infinity:undefined:undefined:undefined:undefined":2,"s:15:2:15:Infinity":4,"s:15:12:15:Infinity":5,"s:17:2:20:Infinity":6,"f:24:16:24:35":1,"s:25:40:47:Infinity":7,"b:48:2:48:Infinity:undefined:undefined:undefined:undefined":3,"s:48:2:48:Infinity":8,"s:48:17:48:Infinity":9,"s:49:2:49:Infinity":10,"b:49:9:49:42:49:42:49:Infinity":4,"f:53:16:53:35":2,"b:54:2:54:Infinity:undefined:undefined:undefined:undefined":5,"s:54:2:54:Infinity":11,"s:54:12:54:Infinity":12,"s:55:16:55:Infinity":13,"b:56:2:56:Infinity:undefined:undefined:undefined:undefined":6,"s:56:2:56:Infinity":14,"b:56:6:56:47:56:47:56:81":7,"s:56:81:56:Infinity":15,"b:57:2:57:Infinity:undefined:undefined:undefined:undefined":8,"s:57:2:57:Infinity":16,"s:57:36:57:Infinity":17,"b:58:2:58:Infinity:undefined:undefined:undefined:undefined":9,"s:58:2:58:Infinity":18,"b:58:6:58:38:58:38:58:64":10,"s:58:64:58:Infinity":19,"b:59:2:59:Infinity:undefined:undefined:undefined:undefined":11,"s:59:2:59:Infinity":20,"b:59:6:59:53:59:53:59:82":12,"s:59:82:59:Infinity":21,"b:60:2:60:Infinity:undefined:undefined:undefined:undefined":13,"s:60:2:60:Infinity":22,"b:60:6:60:36:60:36:60:60":14,"s:60:60:60:Infinity":23,"b:61:2:61:Infinity:undefined:undefined:undefined:undefined":15,"s:61:2:61:Infinity":24,"s:61:43:61:Infinity":25,"b:62:2:62:Infinity:undefined:undefined:undefined:undefined":16,"s:62:2:62:Infinity":26,"s:62:38:62:Infinity":27,"b:63:2:63:Infinity:undefined:undefined:undefined:undefined":17,"s:63:2:63:Infinity":28,"s:63:37:63:Infinity":29,"b:64:2:64:Infinity:undefined:undefined:undefined:undefined":18,"s:64:2:64:Infinity":30,"s:64:35:64:Infinity":31,"b:65:2:65:Infinity:undefined:undefined:undefined:undefined":19,"s:65:2:65:Infinity":32,"s:65:39:65:Infinity":33,"b:66:2:66:Infinity:undefined:undefined:undefined:undefined":20,"s:66:2:66:Infinity":34,"s:66:38:66:Infinity":35,"b:67:2:67:Infinity:undefined:undefined:undefined:undefined":21,"s:67:2:67:Infinity":36,"b:67:6:67:35:67:35:67:68":22,"s:67:68:67:Infinity":37,"b:68:2:68:Infinity:undefined:undefined:undefined:undefined":23,"s:68:2:68:Infinity":38,"b:68:6:68:33:68:33:68:56":24,"s:68:56:68:Infinity":39,"b:69:2:69:Infinity:undefined:undefined:undefined:undefined":25,"s:69:2:69:Infinity":40,"s:69:34:69:Infinity":41,"b:70:2:70:Infinity:undefined:undefined:undefined:undefined":26,"s:70:2:70:Infinity":42,"b:70:6:70:37:70:37:70:62":27,"s:70:62:70:Infinity":43,"s:71:2:71:Infinity":44,"f:76:9:76:20":3,"s:77:2:83:Infinity":45,"f:87:9:87:20":4,"s:88:2:91:Infinity":46,"f:95:9:95:20":5,"s:96:2:105:Infinity":47,"f:109:9:109:23":6,"s:110:2:116:Infinity":48,"f:120:9:120:19":7,"s:121:2:124:Infinity":49,"f:128:9:128:18":8,"s:129:2:132:Infinity":50,"f:136:9:136:22":9,"s:137:2:140:Infinity":51,"f:144:9:144:18":10,"s:145:2:148:Infinity":52,"f:152:9:152:22":11,"s:153:2:156:Infinity":53,"f:160:9:160:21":12,"s:161:2:164:Infinity":54,"f:168:9:168:19":13,"s:169:2:175:Infinity":55,"f:179:9:179:23":14,"s:180:2:183:Infinity":56,"f:187:9:187:22":15,"s:188:2:191:Infinity":57,"f:195:9:195:21":16,"s:196:2:202:Infinity":58,"f:206:9:206:19":17,"s:207:2:211:Infinity":59,"f:215:9:215:19":18,"s:216:2:219:Infinity":60,"f:223:9:223:22":19,"s:224:2:227:Infinity":61,"s:231:73:253:Infinity":62,"f:257:16:257:32":20,"b:257:56:257:65":28,"b:258:2:258:Infinity:undefined:undefined:undefined:undefined":29,"s:258:2:258:Infinity":63,"s:258:17:258:Infinity":64,"s:259:14:259:Infinity":65,"s:260:15:260:Infinity":66,"b:261:2:261:Infinity:undefined:undefined:undefined:undefined":30,"s:261:2:261:Infinity":67,"s:261:12:261:Infinity":68,"s:263:2:266:Infinity":69,"f:270:16:270:38":21,"s:271:40:292:Infinity":70,"b:293:2:293:Infinity:undefined:undefined:undefined:undefined":31,"s:293:2:293:Infinity":71,"s:293:17:293:Infinity":72,"s:294:14:294:Infinity":73,"s:295:2:295:Infinity":74,"b:295:9:295:23:295:23:295:Infinity":32,"f:298:9:298:20":22,"s:299:2:302:Infinity":75,"f:306:9:306:23":23,"s:307:2:310:Infinity":76,"f:314:9:314:20":24,"s:315:2:318:Infinity":77,"f:322:9:322:21":25,"s:323:2:334:Infinity":78,"f:338:9:338:18":26,"s:339:2:342:Infinity":79,"f:346:9:346:20":27,"s:347:2:351:Infinity":80,"f:355:9:355:18":28,"s:356:2:359:Infinity":81,"f:363:9:363:22":29,"s:364:2:367:Infinity":82,"f:371:9:371:20":30,"s:372:2:375:Infinity":83,"f:379:9:379:25":31,"s:380:2:386:Infinity":84,"f:390:9:390:24":32,"s:391:2:394:Infinity":85,"f:398:9:398:23":33,"s:399:2:403:Infinity":86,"f:407:9:407:22":34,"s:408:2:415:Infinity":87,"f:419:9:419:21":35,"s:420:2:425:Infinity":88,"f:429:9:429:20":36,"s:430:2:436:Infinity":89,"f:442:16:442:35":37,"b:442:59:442:68":33,"b:443:2:443:Infinity:undefined:undefined:undefined:undefined":34,"s:443:2:443:Infinity":90,"s:443:17:443:Infinity":91,"s:444:14:444:Infinity":92,"s:445:15:445:Infinity":93,"b:446:2:446:Infinity:undefined:undefined:undefined:undefined":35,"s:446:2:446:Infinity":94,"s:446:12:446:Infinity":95,"s:448:2:451:Infinity":96,"f:455:16:455:41":38,"s:456:40:477:Infinity":97,"b:478:2:478:Infinity:undefined:undefined:undefined:undefined":36,"s:478:2:478:Infinity":98,"s:478:17:478:Infinity":99,"s:479:14:479:Infinity":100,"s:480:2:480:Infinity":101,"b:480:9:480:23:480:23:480:Infinity":37,"f:483:9:483:25":39,"s:484:2:487:Infinity":102,"f:491:9:491:27":40,"s:492:2:497:Infinity":103,"f:501:9:501:23":41,"s:502:2:506:Infinity":104,"f:510:9:510:21":42,"s:511:2:514:Infinity":105,"f:518:9:518:20":43,"s:519:2:522:Infinity":106,"f:526:9:526:22":44,"s:527:2:530:Infinity":107,"f:534:9:534:22":45,"s:535:2:538:Infinity":108,"f:542:9:542:22":46,"s:543:2:546:Infinity":109,"s:550:80:564:Infinity":110,"s:566:77:590:Infinity":111}}}
,"/Users/christianfischer/Documents/Projects/Private/admont-ai/admont-ai-ui/src/contexts/auth-context.tsx": {"path":"/Users/christianfischer/Documents/Projects/Private/admont-ai/admont-ai-ui/src/contexts/auth-context.tsx","statementMap":{"0":{"start":{"line":43,"column":6},"end":{"line":43,"column":null}},"1":{"start":{"line":45,"column":27},"end":{"line":45,"column":null}},"2":{"start":{"line":48,"column":17},"end":{"line":48,"column":null}},"3":{"start":{"line":49,"column":2},"end":{"line":49,"column":null}},"4":{"start":{"line":53,"column":2},"end":{"line":66,"column":null}},"5":{"start":{"line":54,"column":20},"end":{"line":54,"column":null}},"6":{"start":{"line":56,"column":10},"end":{"line":57,"column":null}},"7":{"start":{"line":58,"column":4},"end":{"line":63,"column":null}},"8":{"start":{"line":65,"column":4},"end":{"line":65,"column":null}},"9":{"start":{"line":70,"column":2},"end":{"line":78,"column":null}},"10":{"start":{"line":71,"column":20},"end":{"line":71,"column":null}},"11":{"start":{"line":72,"column":4},"end":{"line":74,"column":null}},"12":{"start":{"line":73,"column":6},"end":{"line":73,"column":null}},"13":{"start":{"line":75,"column":4},"end":{"line":75,"column":null}},"14":{"start":{"line":77,"column":4},"end":{"line":77,"column":null}},"15":{"start":{"line":89,"column":2},"end":{"line":94,"column":null}},"16":{"start":{"line":103,"column":12},"end":{"line":103,"column":null}},"17":{"start":{"line":104,"column":2},"end":{"line":107,"column":null}},"18":{"start":{"line":105,"column":4},"end":{"line":105,"column":null}},"19":{"start":{"line":106,"column":4},"end":{"line":106,"column":null}},"20":{"start":{"line":108,"column":2},"end":{"line":108,"column":null}},"21":{"start":{"line":109,"column":2},"end":{"line":109,"column":null}},"22":{"start":{"line":110,"column":2},"end":{"line":129,"column":null}},"23":{"start":{"line":112,"column":6},"end":{"line":112,"column":null}},"24":{"start":{"line":112,"column":18},"end":{"line":112,"column":null}},"25":{"start":{"line":113,"column":6},"end":{"line":113,"column":null}},"26":{"start":{"line":116,"column":6},"end":{"line":116,"column":null}},"27":{"start":{"line":116,"column":14},"end":{"line":116,"column":null}},"28":{"start":{"line":117,"column":6},"end":{"line":117,"column":null}},"29":{"start":{"line":119,"column":6},"end":{"line":126,"column":null}},"30":{"start":{"line":120,"column":8},"end":{"line":125,"column":null}},"31":{"start":{"line":127,"column":6},"end":{"line":127,"column":null}},"32":{"start":{"line":135,"column":8},"end":{"line":138,"column":null}},"33":{"start":{"line":140,"column":22},"end":{"line":140,"column":null}},"34":{"start":{"line":141,"column":36},"end":{"line":141,"column":null}},"35":{"start":{"line":142,"column":32},"end":{"line":142,"column":null}},"36":{"start":{"line":143,"column":32},"end":{"line":143,"column":null}},"37":{"start":{"line":146,"column":2},"end":{"line":159,"column":null}},"38":{"start":{"line":147,"column":4},"end":{"line":158,"column":null}},"39":{"start":{"line":148,"column":22},"end":{"line":148,"column":47}},"40":{"start":{"line":150,"column":8},"end":{"line":150,"column":null}},"41":{"start":{"line":150,"column":34},"end":{"line":150,"column":null}},"42":{"start":{"line":152,"column":8},"end":{"line":156,"column":null}},"43":{"start":{"line":153,"column":10},"end":{"line":155,"column":null}},"44":{"start":{"line":161,"column":8},"end":{"line":164,"column":null}},"45":{"start":{"line":162,"column":4},"end":{"line":162,"column":null}},"46":{"start":{"line":163,"column":4},"end":{"line":163,"column":null}},"47":{"start":{"line":167,"column":8},"end":{"line":180,"column":null}},"48":{"start":{"line":169,"column":20},"end":{"line":169,"column":null}},"49":{"start":{"line":170,"column":6},"end":{"line":170,"column":null}},"50":{"start":{"line":170,"column":18},"end":{"line":170,"column":null}},"51":{"start":{"line":171,"column":20},"end":{"line":171,"column":null}},"52":{"start":{"line":172,"column":6},"end":{"line":175,"column":null}},"53":{"start":{"line":173,"column":8},"end":{"line":173,"column":null}},"54":{"start":{"line":174,"column":8},"end":{"line":174,"column":null}},"55":{"start":{"line":176,"column":20},"end":{"line":176,"column":null}},"56":{"start":{"line":177,"column":6},"end":{"line":177,"column":null}},"57":{"start":{"line":177,"column":19},"end":{"line":177,"column":null}},"58":{"start":{"line":182,"column":8},"end":{"line":193,"column":null}},"59":{"start":{"line":183,"column":24},"end":{"line":183,"column":null}},"60":{"start":{"line":184,"column":14},"end":{"line":184,"column":null}},"61":{"start":{"line":185,"column":4},"end":{"line":187,"column":null}},"62":{"start":{"line":186,"column":6},"end":{"line":186,"column":null}},"63":{"start":{"line":188,"column":4},"end":{"line":188,"column":null}},"64":{"start":{"line":189,"column":16},"end":{"line":189,"column":null}},"65":{"start":{"line":190,"column":17},"end":{"line":190,"column":null}},"66":{"start":{"line":191,"column":4},"end":{"line":191,"column":null}},"67":{"start":{"line":192,"column":4},"end":{"line":192,"column":null}},"68":{"start":{"line":198,"column":2},"end":{"line":227,"column":null}},"69":{"start":{"line":199,"column":33},"end":{"line":199,"column":null}},"70":{"start":{"line":201,"column":4},"end":{"line":214,"column":null}},"71":{"start":{"line":202,"column":21},"end":{"line":202,"column":null}},"72":{"start":{"line":203,"column":20},"end":{"line":203,"column":null}},"73":{"start":{"line":206,"column":6},"end":{"line":206,"column":null}},"74":{"start":{"line":208,"column":6},"end":{"line":211,"column":null}},"75":{"start":{"line":209,"column":8},"end":{"line":209,"column":null}},"76":{"start":{"line":210,"column":8},"end":{"line":210,"column":null}},"77":{"start":{"line":212,"column":6},"end":{"line":212,"column":null}},"78":{"start":{"line":213,"column":6},"end":{"line":213,"column":null}},"79":{"start":{"line":217,"column":10},"end":{"line":217,"column":null}},"80":{"start":{"line":218,"column":4},"end":{"line":225,"column":null}},"81":{"start":{"line":219,"column":20},"end":{"line":219,"column":null}},"82":{"start":{"line":220,"column":6},"end":{"line":224,"column":null}},"83":{"start":{"line":221,"column":8},"end":{"line":221,"column":null}},"84":{"start":{"line":223,"column":8},"end":{"line":223,"column":null}},"85":{"start":{"line":226,"column":4},"end":{"line":226,"column":null}},"86":{"start":{"line":230,"column":2},"end":{"line":234,"column":null}},"87":{"start":{"line":231,"column":20},"end":{"line":231,"column":null}},"88":{"start":{"line":231,"column":26},"end":{"line":231,"column":null}},"89":{"start":{"line":232,"column":4},"end":{"line":232,"column":null}},"90":{"start":{"line":233,"column":4},"end":{"line":233,"column":null}},"91":{"start":{"line":233,"column":17},"end":{"line":233,"column":null}},"92":{"start":{"line":236,"column":8},"end":{"line":247,"column":null}},"93":{"start":{"line":237,"column":11},"end":{"line":245,"column":null}},"94":{"start":{"line":249,"column":2},"end":{"line":250,"column":null}},"95":{"start":{"line":255,"column":8},"end":{"line":255,"column":null}},"96":{"start":{"line":256,"column":2},"end":{"line":256,"column":null}},"97":{"start":{"line":256,"column":12},"end":{"line":256,"column":null}},"98":{"start":{"line":257,"column":2},"end":{"line":257,"column":null}}},"fnMap":{"0":{"name":"decodeJwtPayload","decl":{"start":{"line":47,"column":16},"end":{"line":47,"column":33}},"loc":{"start":{"line":47,"column":73},"end":{"line":50,"column":null}},"line":47},"1":{"name":"userFromToken","decl":{"start":{"line":52,"column":9},"end":{"line":52,"column":23}},"loc":{"start":{"line":52,"column":51},"end":{"line":67,"column":null}},"line":52},"2":{"name":"getExpMs","decl":{"start":{"line":69,"column":9},"end":{"line":69,"column":18}},"loc":{"start":{"line":69,"column":48},"end":{"line":79,"column":null}},"line":69},"3":{"name":"permissionsFromRoles","decl":{"start":{"line":88,"column":16},"end":{"line":88,"column":37}},"loc":{"start":{"line":88,"column":67},"end":{"line":95,"column":null}},"line":88},"4":{"name":"restoreSession","decl":{"start":{"line":97,"column":9},"end":{"line":97,"column":null}},"loc":{"start":{"line":102,"column":2},"end":{"line":130,"column":null}},"line":102},"5":{"name":"(anonymous_5)","decl":{"start":{"line":111,"column":10},"end":{"line":111,"column":11}},"loc":{"start":{"line":111,"column":19},"end":{"line":114,"column":5}},"line":111},"6":{"name":"(anonymous_6)","decl":{"start":{"line":115,"column":10},"end":{"line":115,"column":11}},"loc":{"start":{"line":115,"column":17},"end":{"line":128,"column":5}},"line":115},"7":{"name":"(anonymous_7)","decl":{"start":{"line":129,"column":11},"end":{"line":129,"column":17}},"loc":{"start":{"line":129,"column":17},"end":{"line":129,"column":19}},"line":129},"8":{"name":"AuthProvider","decl":{"start":{"line":132,"column":16},"end":{"line":132,"column":29}},"loc":{"start":{"line":132,"column":74},"end":{"line":252,"column":null}},"line":132},"9":{"name":"(anonymous_9)","decl":{"start":{"line":146,"column":12},"end":{"line":146,"column":18}},"loc":{"start":{"line":146,"column":18},"end":{"line":159,"column":5}},"line":146},"10":{"name":"(anonymous_10)","decl":{"start":{"line":148,"column":12},"end":{"line":148,"column":13}},"loc":{"start":{"line":148,"column":22},"end":{"line":148,"column":47}},"line":148},"11":{"name":"(anonymous_11)","decl":{"start":{"line":149,"column":12},"end":{"line":149,"column":13}},"loc":{"start":{"line":149,"column":31},"end":{"line":157,"column":7}},"line":149},"12":{"name":"(anonymous_12)","decl":{"start":{"line":152,"column":30},"end":{"line":152,"column":31}},"loc":{"start":{"line":153,"column":10},"end":{"line":155,"column":null}},"line":153},"13":{"name":"(anonymous_13)","decl":{"start":{"line":158,"column":13},"end":{"line":158,"column":19}},"loc":{"start":{"line":158,"column":19},"end":{"line":158,"column":21}},"line":158},"14":{"name":"(anonymous_14)","decl":{"start":{"line":161,"column":29},"end":{"line":161,"column":35}},"loc":{"start":{"line":161,"column":35},"end":{"line":164,"column":5}},"line":161},"15":{"name":"(anonymous_15)","decl":{"start":{"line":168,"column":4},"end":{"line":168,"column":5}},"loc":{"start":{"line":168,"column":23},"end":{"line":178,"column":null}},"line":168},"16":{"name":"(anonymous_16)","decl":{"start":{"line":177,"column":13},"end":{"line":177,"column":19}},"loc":{"start":{"line":177,"column":19},"end":{"line":177,"column":null}},"line":177},"17":{"name":"(anonymous_17)","decl":{"start":{"line":182,"column":28},"end":{"line":182,"column":35}},"loc":{"start":{"line":182,"column":57},"end":{"line":193,"column":5}},"line":182},"18":{"name":"(anonymous_18)","decl":{"start":{"line":198,"column":12},"end":{"line":198,"column":18}},"loc":{"start":{"line":198,"column":18},"end":{"line":227,"column":5}},"line":198},"19":{"name":"(anonymous_19)","decl":{"start":{"line":230,"column":12},"end":{"line":230,"column":18}},"loc":{"start":{"line":230,"column":18},"end":{"line":234,"column":5}},"line":230},"20":{"name":"(anonymous_20)","decl":{"start":{"line":231,"column":20},"end":{"line":231,"column":26}},"loc":{"start":{"line":231,"column":26},"end":{"line":231,"column":null}},"line":231},"21":{"name":"(anonymous_21)","decl":{"start":{"line":233,"column":11},"end":{"line":233,"column":17}},"loc":{"start":{"line":233,"column":17},"end":{"line":233,"column":null}},"line":233},"22":{"name":"(anonymous_22)","decl":{"start":{"line":237,"column":4},"end":{"line":237,"column":11}},"loc":{"start":{"line":237,"column":11},"end":{"line":245,"column":null}},"line":237},"23":{"name":"useAuth","decl":{"start":{"line":254,"column":16},"end":{"line":254,"column":44}},"loc":{"start":{"line":254,"column":44},"end":{"line":258,"column":null}},"line":254}},"branchMap":{"0":{"loc":{"start":{"line":56,"column":10},"end":{"line":57,"column":null}},"type":"binary-expr","locations":[{"start":{"line":56,"column":22},"end":{"line":56,"column":null}},{"start":{"line":56,"column":80},"end":{"line":57,"column":null}}],"line":56},"1":{"loc":{"start":{"line":56,"column":22},"end":{"line":56,"column":null}},"type":"cond-expr","locations":[{"start":{"line":56,"column":61},"end":{"line":56,"column":80}},{"start":{"line":56,"column":80},"end":{"line":56,"column":null}}],"line":56},"2":{"loc":{"start":{"line":72,"column":4},"end":{"line":74,"column":null}},"type":"if","locations":[{"start":{"line":72,"column":4},"end":{"line":74,"column":null}},{"start":{},"end":{}}],"line":72},"3":{"loc":{"start":{"line":90,"column":11},"end":{"line":90,"column":null}},"type":"binary-expr","locations":[{"start":{"line":90,"column":11},"end":{"line":90,"column":38}},{"start":{"line":90,"column":38},"end":{"line":90,"column":null}}],"line":90},"4":{"loc":{"start":{"line":91,"column":16},"end":{"line":91,"column":null}},"type":"binary-expr","locations":[{"start":{"line":91,"column":16},"end":{"line":91,"column":48}},{"start":{"line":91,"column":48},"end":{"line":91,"column":75}},{"start":{"line":91,"column":75},"end":{"line":91,"column":null}}],"line":91},"5":{"loc":{"start":{"line":104,"column":2},"end":{"line":107,"column":null}},"type":"if","locations":[{"start":{"line":104,"column":2},"end":{"line":107,"column":null}},{"start":{},"end":{}}],"line":104},"6":{"loc":{"start":{"line":112,"column":6},"end":{"line":112,"column":null}},"type":"if","locations":[{"start":{"line":112,"column":6},"end":{"line":112,"column":null}},{"start":{},"end":{}}],"line":112},"7":{"loc":{"start":{"line":116,"column":6},"end":{"line":116,"column":null}},"type":"if","locations":[{"start":{"line":116,"column":6},"end":{"line":116,"column":null}},{"start":{},"end":{}}],"line":116},"8":{"loc":{"start":{"line":119,"column":6},"end":{"line":126,"column":null}},"type":"if","locations":[{"start":{"line":119,"column":6},"end":{"line":126,"column":null}},{"start":{},"end":{}}],"line":119},"9":{"loc":{"start":{"line":119,"column":10},"end":{"line":119,"column":43}},"type":"binary-expr","locations":[{"start":{"line":119,"column":10},"end":{"line":119,"column":20}},{"start":{"line":119,"column":20},"end":{"line":119,"column":31}},{"start":{"line":119,"column":31},"end":{"line":119,"column":43}}],"line":119},"10":{"loc":{"start":{"line":121,"column":17},"end":{"line":121,"column":null}},"type":"binary-expr","locations":[{"start":{"line":121,"column":17},"end":{"line":121,"column":28}},{"start":{"line":121,"column":28},"end":{"line":121,"column":null}}],"line":121},"11":{"loc":{"start":{"line":122,"column":16},"end":{"line":122,"column":null}},"type":"binary-expr","locations":[{"start":{"line":122,"column":16},"end":{"line":122,"column":26}},{"start":{"line":122,"column":26},"end":{"line":122,"column":null}}],"line":122},"12":{"loc":{"start":{"line":124,"column":20},"end":{"line":124,"column":null}},"type":"binary-expr","locations":[{"start":{"line":124,"column":20},"end":{"line":124,"column":34}},{"start":{"line":124,"column":34},"end":{"line":124,"column":null}}],"line":124},"13":{"loc":{"start":{"line":127,"column":42},"end":{"line":127,"column":55}},"type":"binary-expr","locations":[{"start":{"line":127,"column":42},"end":{"line":127,"column":53}},{"start":{"line":127,"column":53},"end":{"line":127,"column":55}}],"line":127},"14":{"loc":{"start":{"line":148,"column":22},"end":{"line":148,"column":47}},"type":"cond-expr","locations":[{"start":{"line":148,"column":31},"end":{"line":148,"column":44}},{"start":{"line":148,"column":44},"end":{"line":148,"column":47}}],"line":148},"15":{"loc":{"start":{"line":150,"column":8},"end":{"line":150,"column":null}},"type":"if","locations":[{"start":{"line":150,"column":8},"end":{"line":150,"column":null}},{"start":{},"end":{}}],"line":150},"16":{"loc":{"start":{"line":153,"column":10},"end":{"line":155,"column":null}},"type":"cond-expr","locations":[{"start":{"line":154,"column":14},"end":{"line":154,"column":null}},{"start":{"line":155,"column":14},"end":{"line":155,"column":null}}],"line":153},"17":{"loc":{"start":{"line":170,"column":6},"end":{"line":170,"column":null}},"type":"if","locations":[{"start":{"line":170,"column":6},"end":{"line":170,"column":null}},{"start":{},"end":{}}],"line":170},"18":{"loc":{"start":{"line":172,"column":6},"end":{"line":175,"column":null}},"type":"if","locations":[{"start":{"line":172,"column":6},"end":{"line":175,"column":null}},{"start":{},"end":{}}],"line":172},"19":{"loc":{"start":{"line":185,"column":4},"end":{"line":187,"column":null}},"type":"if","locations":[{"start":{"line":185,"column":4},"end":{"line":187,"column":null}},{"start":{},"end":{}}],"line":185},"20":{"loc":{"start":{"line":201,"column":4},"end":{"line":214,"column":null}},"type":"if","locations":[{"start":{"line":201,"column":4},"end":{"line":214,"column":null}},{"start":{},"end":{}}],"line":201},"21":{"loc":{"start":{"line":208,"column":6},"end":{"line":211,"column":null}},"type":"if","locations":[{"start":{"line":208,"column":6},"end":{"line":211,"column":null}},{"start":{},"end":{}}],"line":208},"22":{"loc":{"start":{"line":218,"column":4},"end":{"line":225,"column":null}},"type":"if","locations":[{"start":{"line":218,"column":4},"end":{"line":225,"column":null}},{"start":{},"end":{}}],"line":218},"23":{"loc":{"start":{"line":220,"column":6},"end":{"line":224,"column":null}},"type":"if","locations":[{"start":{"line":220,"column":6},"end":{"line":224,"column":null}},{"start":{"line":222,"column":13},"end":{"line":224,"column":null}}],"line":220},"24":{"loc":{"start":{"line":220,"column":10},"end":{"line":220,"column":48}},"type":"binary-expr","locations":[{"start":{"line":220,"column":10},"end":{"line":220,"column":19}},{"start":{"line":220,"column":19},"end":{"line":220,"column":48}}],"line":220},"25":{"loc":{"start":{"line":256,"column":2},"end":{"line":256,"column":null}},"type":"if","locations":[{"start":{"line":256,"column":2},"end":{"line":256,"column":null}},{"start":{},"end":{}}],"line":256}},"s":{"0":2,"1":2,"2":16,"3":16,"4":3,"5":3,"6":3,"7":3,"8":0,"9":7,"10":7,"11":7,"12":6,"13":0,"14":1,"15":10,"16":3,"17":3,"18":0,"19":0,"20":3,"21":3,"22":3,"23":3,"24":2,"25":1,"26":3,"27":1,"28":2,"29":2,"30":1,"31":2,"32":33,"33":33,"34":33,"35":33,"36":33,"37":33,"38":11,"39":11,"40":11,"41":1,"42":10,"43":4,"44":33,"45":1,"46":1,"47":33,"48":3,"49":3,"50":0,"51":3,"52":3,"53":0,"54":0,"55":3,"56":3,"57":0,"58":33,"59":0,"60":0,"61":0,"62":0,"63":0,"64":0,"65":0,"66":0,"67":0,"68":33,"69":11,"70":11,"71":2,"72":2,"73":2,"74":2,"75":1,"76":1,"77":2,"78":2,"79":9,"80":9,"81":4,"82":4,"83":2,"84":2,"85":9,"86":33,"87":11,"88":1,"89":11,"90":11,"91":11,"92":33,"93":33,"94":33,"95":36,"96":36,"97":2,"98":33},"f":{"0":16,"1":3,"2":7,"3":10,"4":3,"5":3,"6":3,"7":0,"8":33,"9":11,"10":11,"11":11,"12":4,"13":0,"14":1,"15":3,"16":0,"17":0,"18":11,"19":11,"20":1,"21":11,"22":33,"23":36},"b":{"0":[3,3],"1":[0,3],"2":[6,1],"3":[10,6],"4":[10,8,4],"5":[0,3],"6":[2,1],"7":[1,2],"8":[1,1],"9":[2,1,1],"10":[1,0],"11":[1,0],"12":[1,1],"13":[2,0],"14":[11,0],"15":[1,10],"16":[2,2],"17":[0,3],"18":[0,3],"19":[0,0],"20":[2,9],"21":[1,1],"22":[4,5],"23":[2,2],"24":[4,3],"25":[2,34]},"meta":{"lastBranch":26,"lastFunction":24,"lastStatement":99,"seen":{"s:43:6:43:Infinity":0,"s:45:27:45:Infinity":1,"f:47:16:47:33":0,"s:48:17:48:Infinity":2,"s:49:2:49:Infinity":3,"f:52:9:52:23":1,"s:53:2:66:Infinity":4,"s:54:20:54:Infinity":5,"s:56:10:57:Infinity":6,"b:56:22:56:Infinity:56:80:57:Infinity":0,"b:56:61:56:80:56:80:56:Infinity":1,"s:58:4:63:Infinity":7,"s:65:4:65:Infinity":8,"f:69:9:69:18":2,"s:70:2:78:Infinity":9,"s:71:20:71:Infinity":10,"b:72:4:74:Infinity:undefined:undefined:undefined:undefined":2,"s:72:4:74:Infinity":11,"s:73:6:73:Infinity":12,"s:75:4:75:Infinity":13,"s:77:4:77:Infinity":14,"f:88:16:88:37":3,"s:89:2:94:Infinity":15,"b:90:11:90:38:90:38:90:Infinity":3,"b:91:16:91:48:91:48:91:75:91:75:91:Infinity":4,"f:97:9:97:Infinity":4,"s:103:12:103:Infinity":16,"b:104:2:107:Infinity:undefined:undefined:undefined:undefined":5,"s:104:2:107:Infinity":17,"s:105:4:105:Infinity":18,"s:106:4:106:Infinity":19,"s:108:2:108:Infinity":20,"s:109:2:109:Infinity":21,"s:110:2:129:Infinity":22,"f:111:10:111:11":5,"b:112:6:112:Infinity:undefined:undefined:undefined:undefined":6,"s:112:6:112:Infinity":23,"s:112:18:112:Infinity":24,"s:113:6:113:Infinity":25,"f:115:10:115:11":6,"b:116:6:116:Infinity:undefined:undefined:undefined:undefined":7,"s:116:6:116:Infinity":26,"s:116:14:116:Infinity":27,"s:117:6:117:Infinity":28,"b:119:6:126:Infinity:undefined:undefined:undefined:undefined":8,"s:119:6:126:Infinity":29,"b:119:10:119:20:119:20:119:31:119:31:119:43":9,"s:120:8:125:Infinity":30,"b:121:17:121:28:121:28:121:Infinity":10,"b:122:16:122:26:122:26:122:Infinity":11,"b:124:20:124:34:124:34:124:Infinity":12,"s:127:6:127:Infinity":31,"b:127:42:127:53:127:53:127:55":13,"f:129:11:129:17":7,"f:132:16:132:29":8,"s:135:8:138:Infinity":32,"s:140:22:140:Infinity":33,"s:141:36:141:Infinity":34,"s:142:32:142:Infinity":35,"s:143:32:143:Infinity":36,"s:146:2:159:Infinity":37,"f:146:12:146:18":9,"s:147:4:158:Infinity":38,"f:148:12:148:13":10,"s:148:22:148:47":39,"b:148:31:148:44:148:44:148:47":14,"f:149:12:149:13":11,"b:150:8:150:Infinity:undefined:undefined:undefined:undefined":15,"s:150:8:150:Infinity":40,"s:150:34:150:Infinity":41,"s:152:8:156:Infinity":42,"f:152:30:152:31":12,"s:153:10:155:Infinity":43,"b:154:14:154:Infinity:155:14:155:Infinity":16,"f:158:13:158:19":13,"s:161:8:164:Infinity":44,"f:161:29:161:35":14,"s:162:4:162:Infinity":45,"s:163:4:163:Infinity":46,"s:167:8:180:Infinity":47,"f:168:4:168:5":15,"s:169:20:169:Infinity":48,"b:170:6:170:Infinity:undefined:undefined:undefined:undefined":17,"s:170:6:170:Infinity":49,"s:170:18:170:Infinity":50,"s:171:20:171:Infinity":51,"b:172:6:175:Infinity:undefined:undefined:undefined:undefined":18,"s:172:6:175:Infinity":52,"s:173:8:173:Infinity":53,"s:174:8:174:Infinity":54,"s:176:20:176:Infinity":55,"s:177:6:177:Infinity":56,"f:177:13:177:19":16,"s:177:19:177:Infinity":57,"s:182:8:193:Infinity":58,"f:182:28:182:35":17,"s:183:24:183:Infinity":59,"s:184:14:184:Infinity":60,"b:185:4:187:Infinity:undefined:undefined:undefined:undefined":19,"s:185:4:187:Infinity":61,"s:186:6:186:Infinity":62,"s:188:4:188:Infinity":63,"s:189:16:189:Infinity":64,"s:190:17:190:Infinity":65,"s:191:4:191:Infinity":66,"s:192:4:192:Infinity":67,"s:198:2:227:Infinity":68,"f:198:12:198:18":18,"s:199:33:199:Infinity":69,"b:201:4:214:Infinity:undefined:undefined:undefined:undefined":20,"s:201:4:214:Infinity":70,"s:202:21:202:Infinity":71,"s:203:20:203:Infinity":72,"s:206:6:206:Infinity":73,"b:208:6:211:Infinity:undefined:undefined:undefined:undefined":21,"s:208:6:211:Infinity":74,"s:209:8:209:Infinity":75,"s:210:8:210:Infinity":76,"s:212:6:212:Infinity":77,"s:213:6:213:Infinity":78,"s:217:10:217:Infinity":79,"b:218:4:225:Infinity:undefined:undefined:undefined:undefined":22,"s:218:4:225:Infinity":80,"s:219:20:219:Infinity":81,"b:220:6:224:Infinity:222:13:224:Infinity":23,"s:220:6:224:Infinity":82,"b:220:10:220:19:220:19:220:48":24,"s:221:8:221:Infinity":83,"s:223:8:223:Infinity":84,"s:226:4:226:Infinity":85,"s:230:2:234:Infinity":86,"f:230:12:230:18":19,"s:231:20:231:Infinity":87,"f:231:20:231:26":20,"s:231:26:231:Infinity":88,"s:232:4:232:Infinity":89,"s:233:4:233:Infinity":90,"f:233:11:233:17":21,"s:233:17:233:Infinity":91,"s:236:8:247:Infinity":92,"f:237:4:237:11":22,"s:237:11:245:Infinity":93,"s:249:2:250:Infinity":94,"f:254:16:254:44":23,"s:255:8:255:Infinity":95,"b:256:2:256:Infinity:undefined:undefined:undefined:undefined":25,"s:256:2:256:Infinity":96,"s:256:12:256:Infinity":97,"s:257:2:257:Infinity":98}}}
,"/Users/christianfischer/Documents/Projects/Private/admont-ai/admont-ai-ui/src/hooks/use-document-content.ts": {"path":"/Users/christianfischer/Documents/Projects/Private/admont-ai/admont-ai-ui/src/hooks/use-document-content.ts","statementMap":{"0":{"start":{"line":27,"column":28},"end":{"line":27,"column":null}},"1":{"start":{"line":28,"column":38},"end":{"line":28,"column":null}},"2":{"start":{"line":29,"column":28},"end":{"line":29,"column":null}},"3":{"start":{"line":30,"column":42},"end":{"line":30,"column":null}},"4":{"start":{"line":31,"column":34},"end":{"line":31,"column":null}},"5":{"start":{"line":32,"column":30},"end":{"line":32,"column":null}},"6":{"start":{"line":33,"column":28},"end":{"line":33,"column":null}},"7":{"start":{"line":34,"column":24},"end":{"line":34,"column":null}},"8":{"start":{"line":36,"column":8},"end":{"line":93,"column":null}},"9":{"start":{"line":37,"column":4},"end":{"line":45,"column":null}},"10":{"start":{"line":38,"column":6},"end":{"line":38,"column":null}},"11":{"start":{"line":39,"column":6},"end":{"line":39,"column":null}},"12":{"start":{"line":40,"column":6},"end":{"line":40,"column":null}},"13":{"start":{"line":41,"column":6},"end":{"line":41,"column":null}},"14":{"start":{"line":42,"column":6},"end":{"line":42,"column":null}},"15":{"start":{"line":43,"column":6},"end":{"line":43,"column":null}},"16":{"start":{"line":44,"column":6},"end":{"line":44,"column":null}},"17":{"start":{"line":47,"column":4},"end":{"line":47,"column":null}},"18":{"start":{"line":48,"column":4},"end":{"line":48,"column":null}},"19":{"start":{"line":49,"column":4},"end":{"line":49,"column":null}},"20":{"start":{"line":50,"column":4},"end":{"line":50,"column":null}},"21":{"start":{"line":51,"column":4},"end":{"line":51,"column":null}},"22":{"start":{"line":52,"column":4},"end":{"line":52,"column":null}},"23":{"start":{"line":53,"column":4},"end":{"line":53,"column":null}},"24":{"start":{"line":54,"column":4},"end":{"line":54,"column":null}},"25":{"start":{"line":56,"column":17},"end":{"line":56,"column":null}},"26":{"start":{"line":59,"column":4},"end":{"line":92,"column":null}},"27":{"start":{"line":61,"column":8},"end":{"line":61,"column":null}},"28":{"start":{"line":61,"column":21},"end":{"line":61,"column":null}},"29":{"start":{"line":62,"column":8},"end":{"line":62,"column":null}},"30":{"start":{"line":62,"column":43},"end":{"line":62,"column":86}},"31":{"start":{"line":62,"column":86},"end":{"line":62,"column":110}},"32":{"start":{"line":65,"column":8},"end":{"line":65,"column":null}},"33":{"start":{"line":65,"column":29},"end":{"line":65,"column":null}},"34":{"start":{"line":66,"column":21},"end":{"line":66,"column":null}},"35":{"start":{"line":67,"column":8},"end":{"line":67,"column":null}},"36":{"start":{"line":68,"column":8},"end":{"line":68,"column":null}},"37":{"start":{"line":70,"column":8},"end":{"line":81,"column":null}},"38":{"start":{"line":71,"column":10},"end":{"line":71,"column":null}},"39":{"start":{"line":71,"column":34},"end":{"line":71,"column":null}},"40":{"start":{"line":72,"column":10},"end":{"line":72,"column":null}},"41":{"start":{"line":72,"column":23},"end":{"line":72,"column":null}},"42":{"start":{"line":73,"column":24},"end":{"line":73,"column":null}},"43":{"start":{"line":74,"column":10},"end":{"line":80,"column":null}},"44":{"start":{"line":75,"column":12},"end":{"line":75,"column":null}},"45":{"start":{"line":75,"column":33},"end":{"line":75,"column":null}},"46":{"start":{"line":76,"column":12},"end":{"line":76,"column":null}},"47":{"start":{"line":77,"column":12},"end":{"line":77,"column":null}},"48":{"start":{"line":78,"column":12},"end":{"line":78,"column":null}},"49":{"start":{"line":79,"column":12},"end":{"line":79,"column":null}},"50":{"start":{"line":84,"column":8},"end":{"line":84,"column":null}},"51":{"start":{"line":84,"column":29},"end":{"line":84,"column":null}},"52":{"start":{"line":85,"column":8},"end":{"line":87,"column":null}},"53":{"start":{"line":86,"column":10},"end":{"line":86,"column":null}},"54":{"start":{"line":88,"column":8},"end":{"line":88,"column":null}},"55":{"start":{"line":91,"column":8},"end":{"line":91,"column":null}},"56":{"start":{"line":91,"column":30},"end":{"line":91,"column":null}},"57":{"start":{"line":95,"column":2},"end":{"line":99,"column":null}},"58":{"start":{"line":96,"column":23},"end":{"line":96,"column":null}},"59":{"start":{"line":97,"column":4},"end":{"line":97,"column":null}},"60":{"start":{"line":98,"column":4},"end":{"line":98,"column":null}},"61":{"start":{"line":98,"column":17},"end":{"line":98,"column":null}},"62":{"start":{"line":101,"column":2},"end":{"line":101,"column":null}}},"fnMap":{"0":{"name":"useDocumentContent","decl":{"start":{"line":23,"column":16},"end":{"line":23,"column":null}},"loc":{"start":{"line":26,"column":2},"end":{"line":102,"column":null}},"line":26},"1":{"name":"(anonymous_1)","decl":{"start":{"line":36,"column":36},"end":{"line":36,"column":37}},"loc":{"start":{"line":36,"column":62},"end":{"line":93,"column":5}},"line":36},"2":{"name":"(anonymous_2)","decl":{"start":{"line":60,"column":12},"end":{"line":60,"column":13}},"loc":{"start":{"line":60,"column":21},"end":{"line":63,"column":7}},"line":60},"3":{"name":"(anonymous_3)","decl":{"start":{"line":62,"column":31},"end":{"line":62,"column":32}},"loc":{"start":{"line":62,"column":41},"end":{"line":62,"column":111}},"line":62},"4":{"name":"(anonymous_4)","decl":{"start":{"line":64,"column":12},"end":{"line":64,"column":13}},"loc":{"start":{"line":64,"column":22},"end":{"line":82,"column":7}},"line":64},"5":{"name":"(anonymous_5)","decl":{"start":{"line":70,"column":70},"end":{"line":70,"column":71}},"loc":{"start":{"line":70,"column":79},"end":{"line":81,"column":9}},"line":70},"6":{"name":"(anonymous_6)","decl":{"start":{"line":74,"column":33},"end":{"line":74,"column":34}},"loc":{"start":{"line":74,"column":43},"end":{"line":80,"column":11}},"line":74},"7":{"name":"(anonymous_7)","decl":{"start":{"line":83,"column":13},"end":{"line":83,"column":14}},"loc":{"start":{"line":83,"column":29},"end":{"line":89,"column":7}},"line":83},"8":{"name":"(anonymous_8)","decl":{"start":{"line":90,"column":15},"end":{"line":90,"column":21}},"loc":{"start":{"line":90,"column":21},"end":{"line":92,"column":7}},"line":90},"9":{"name":"(anonymous_9)","decl":{"start":{"line":95,"column":12},"end":{"line":95,"column":18}},"loc":{"start":{"line":95,"column":18},"end":{"line":99,"column":5}},"line":95},"10":{"name":"(anonymous_10)","decl":{"start":{"line":98,"column":11},"end":{"line":98,"column":17}},"loc":{"start":{"line":98,"column":17},"end":{"line":98,"column":null}},"line":98}},"branchMap":{"0":{"loc":{"start":{"line":37,"column":4},"end":{"line":45,"column":null}},"type":"if","locations":[{"start":{"line":37,"column":4},"end":{"line":45,"column":null}},{"start":{},"end":{}}],"line":37},"1":{"loc":{"start":{"line":37,"column":8},"end":{"line":37,"column":32}},"type":"binary-expr","locations":[{"start":{"line":37,"column":8},"end":{"line":37,"column":21}},{"start":{"line":37,"column":21},"end":{"line":37,"column":32}}],"line":37},"2":{"loc":{"start":{"line":61,"column":8},"end":{"line":61,"column":null}},"type":"if","locations":[{"start":{"line":61,"column":8},"end":{"line":61,"column":null}},{"start":{},"end":{}}],"line":61},"3":{"loc":{"start":{"line":61,"column":37},"end":{"line":61,"column":120}},"type":"cond-expr","locations":[{"start":{"line":61,"column":58},"end":{"line":61,"column":78}},{"start":{"line":61,"column":78},"end":{"line":61,"column":120}}],"line":61},"4":{"loc":{"start":{"line":65,"column":8},"end":{"line":65,"column":null}},"type":"if","locations":[{"start":{"line":65,"column":8},"end":{"line":65,"column":null}},{"start":{},"end":{}}],"line":65},"5":{"loc":{"start":{"line":67,"column":22},"end":{"line":67,"column":124}},"type":"cond-expr","locations":[{"start":{"line":67,"column":111},"end":{"line":67,"column":118}},{"start":{"line":67,"column":118},"end":{"line":67,"column":124}}],"line":67},"6":{"loc":{"start":{"line":67,"column":22},"end":{"line":67,"column":111}},"type":"binary-expr","locations":[{"start":{"line":67,"column":22},"end":{"line":67,"column":30}},{"start":{"line":67,"column":30},"end":{"line":67,"column":111}}],"line":67},"7":{"loc":{"start":{"line":71,"column":10},"end":{"line":71,"column":null}},"type":"if","locations":[{"start":{"line":71,"column":10},"end":{"line":71,"column":null}},{"start":{},"end":{}}],"line":71},"8":{"loc":{"start":{"line":72,"column":10},"end":{"line":72,"column":null}},"type":"if","locations":[{"start":{"line":72,"column":10},"end":{"line":72,"column":null}},{"start":{},"end":{}}],"line":72},"9":{"loc":{"start":{"line":75,"column":12},"end":{"line":75,"column":null}},"type":"if","locations":[{"start":{"line":75,"column":12},"end":{"line":75,"column":null}},{"start":{},"end":{}}],"line":75},"10":{"loc":{"start":{"line":78,"column":23},"end":{"line":78,"column":47}},"type":"binary-expr","locations":[{"start":{"line":78,"column":23},"end":{"line":78,"column":32}},{"start":{"line":78,"column":32},"end":{"line":78,"column":47}}],"line":78},"11":{"loc":{"start":{"line":79,"column":30},"end":{"line":79,"column":59}},"type":"binary-expr","locations":[{"start":{"line":79,"column":30},"end":{"line":79,"column":55}},{"start":{"line":79,"column":55},"end":{"line":79,"column":59}}],"line":79},"12":{"loc":{"start":{"line":84,"column":8},"end":{"line":84,"column":null}},"type":"if","locations":[{"start":{"line":84,"column":8},"end":{"line":84,"column":null}},{"start":{},"end":{}}],"line":84},"13":{"loc":{"start":{"line":85,"column":8},"end":{"line":87,"column":null}},"type":"if","locations":[{"start":{"line":85,"column":8},"end":{"line":87,"column":null}},{"start":{},"end":{}}],"line":85},"14":{"loc":{"start":{"line":91,"column":8},"end":{"line":91,"column":null}},"type":"if","locations":[{"start":{"line":91,"column":8},"end":{"line":91,"column":null}},{"start":{},"end":{}}],"line":91}},"s":{"0":14,"1":14,"2":14,"3":14,"4":14,"5":14,"6":14,"7":14,"8":14,"9":6,"10":2,"11":2,"12":2,"13":2,"14":2,"15":2,"16":2,"17":4,"18":4,"19":4,"20":4,"21":4,"22":4,"23":4,"24":4,"25":4,"26":4,"27":4,"28":1,"29":3,"30":3,"31":3,"32":3,"33":0,"34":3,"35":3,"36":3,"37":3,"38":3,"39":0,"40":3,"41":0,"42":3,"43":3,"44":3,"45":0,"46":3,"47":3,"48":3,"49":3,"50":1,"51":0,"52":1,"53":1,"54":1,"55":4,"56":4,"57":14,"58":6,"59":6,"60":6,"61":6,"62":14},"f":{"0":14,"1":6,"2":4,"3":3,"4":3,"5":3,"6":3,"7":1,"8":4,"9":6,"10":6},"b":{"0":[2,4],"1":[6,5],"2":[1,3],"3":[1,0],"4":[0,3],"5":[2,1],"6":[3,3],"7":[0,3],"8":[0,3],"9":[0,3],"10":[3,2],"11":[3,3],"12":[0,1],"13":[1,0],"14":[4,0]},"meta":{"lastBranch":15,"lastFunction":11,"lastStatement":63,"seen":{"f:23:16:23:Infinity":0,"s:27:28:27:Infinity":0,"s:28:38:28:Infinity":1,"s:29:28:29:Infinity":2,"s:30:42:30:Infinity":3,"s:31:34:31:Infinity":4,"s:32:30:32:Infinity":5,"s:33:28:33:Infinity":6,"s:34:24:34:Infinity":7,"s:36:8:93:Infinity":8,"f:36:36:36:37":1,"b:37:4:45:Infinity:undefined:undefined:undefined:undefined":0,"s:37:4:45:Infinity":9,"b:37:8:37:21:37:21:37:32":1,"s:38:6:38:Infinity":10,"s:39:6:39:Infinity":11,"s:40:6:40:Infinity":12,"s:41:6:41:Infinity":13,"s:42:6:42:Infinity":14,"s:43:6:43:Infinity":15,"s:44:6:44:Infinity":16,"s:47:4:47:Infinity":17,"s:48:4:48:Infinity":18,"s:49:4:49:Infinity":19,"s:50:4:50:Infinity":20,"s:51:4:51:Infinity":21,"s:52:4:52:Infinity":22,"s:53:4:53:Infinity":23,"s:54:4:54:Infinity":24,"s:56:17:56:Infinity":25,"s:59:4:92:Infinity":26,"f:60:12:60:13":2,"b:61:8:61:Infinity:undefined:undefined:undefined:undefined":2,"s:61:8:61:Infinity":27,"s:61:21:61:Infinity":28,"b:61:58:61:78:61:78:61:120":3,"s:62:8:62:Infinity":29,"f:62:31:62:32":3,"s:62:43:62:86":30,"s:62:86:62:110":31,"f:64:12:64:13":4,"b:65:8:65:Infinity:undefined:undefined:undefined:undefined":4,"s:65:8:65:Infinity":32,"s:65:29:65:Infinity":33,"s:66:21:66:Infinity":34,"s:67:8:67:Infinity":35,"b:67:111:67:118:67:118:67:124":5,"b:67:22:67:30:67:30:67:111":6,"s:68:8:68:Infinity":36,"s:70:8:81:Infinity":37,"f:70:70:70:71":5,"b:71:10:71:Infinity:undefined:undefined:undefined:undefined":7,"s:71:10:71:Infinity":38,"s:71:34:71:Infinity":39,"b:72:10:72:Infinity:undefined:undefined:undefined:undefined":8,"s:72:10:72:Infinity":40,"s:72:23:72:Infinity":41,"s:73:24:73:Infinity":42,"s:74:10:80:Infinity":43,"f:74:33:74:34":6,"b:75:12:75:Infinity:undefined:undefined:undefined:undefined":9,"s:75:12:75:Infinity":44,"s:75:33:75:Infinity":45,"s:76:12:76:Infinity":46,"s:77:12:77:Infinity":47,"s:78:12:78:Infinity":48,"b:78:23:78:32:78:32:78:47":10,"s:79:12:79:Infinity":49,"b:79:30:79:55:79:55:79:59":11,"f:83:13:83:14":7,"b:84:8:84:Infinity:undefined:undefined:undefined:undefined":12,"s:84:8:84:Infinity":50,"s:84:29:84:Infinity":51,"b:85:8:87:Infinity:undefined:undefined:undefined:undefined":13,"s:85:8:87:Infinity":52,"s:86:10:86:Infinity":53,"s:88:8:88:Infinity":54,"f:90:15:90:21":8,"b:91:8:91:Infinity:undefined:undefined:undefined:undefined":14,"s:91:8:91:Infinity":55,"s:91:30:91:Infinity":56,"s:95:2:99:Infinity":57,"f:95:12:95:18":9,"s:96:23:96:Infinity":58,"s:97:4:97:Infinity":59,"s:98:4:98:Infinity":60,"f:98:11:98:17":10,"s:98:17:98:Infinity":61,"s:101:2:101:Infinity":62}}}
,"/Users/christianfischer/Documents/Projects/Private/admont-ai/admont-ai-ui/src/hooks/use-document-mutations.ts": {"path":"/Users/christianfischer/Documents/Projects/Private/admont-ai/admont-ai-ui/src/hooks/use-document-mutations.ts","statementMap":{"0":{"start":{"line":6,"column":2},"end":{"line":6,"column":null}},"1":{"start":{"line":10,"column":2},"end":{"line":10,"column":null}},"2":{"start":{"line":14,"column":2},"end":{"line":14,"column":null}},"3":{"start":{"line":19,"column":20},"end":{"line":19,"column":null}},"4":{"start":{"line":20,"column":14},"end":{"line":20,"column":null}},"5":{"start":{"line":21,"column":19},"end":{"line":21,"column":null}},"6":{"start":{"line":22,"column":19},"end":{"line":22,"column":null}},"7":{"start":{"line":23,"column":2},"end":{"line":23,"column":null}},"8":{"start":{"line":30,"column":8},"end":{"line":44,"column":null}},"9":{"start":{"line":32,"column":19},"end":{"line":32,"column":null}},"10":{"start":{"line":33,"column":18},"end":{"line":37,"column":null}},"11":{"start":{"line":38,"column":6},"end":{"line":38,"column":null}},"12":{"start":{"line":38,"column":19},"end":{"line":38,"column":null}},"13":{"start":{"line":39,"column":19},"end":{"line":39,"column":null}},"14":{"start":{"line":40,"column":6},"end":{"line":40,"column":null}},"15":{"start":{"line":41,"column":6},"end":{"line":41,"column":null}},"16":{"start":{"line":46,"column":8},"end":{"line":59,"column":null}},"17":{"start":{"line":48,"column":18},"end":{"line":50,"column":null}},"18":{"start":{"line":51,"column":6},"end":{"line":51,"column":null}},"19":{"start":{"line":51,"column":19},"end":{"line":51,"column":null}},"20":{"start":{"line":53,"column":6},"end":{"line":55,"column":null}},"21":{"start":{"line":56,"column":6},"end":{"line":56,"column":null}},"22":{"start":{"line":61,"column":8},"end":{"line":72,"column":null}},"23":{"start":{"line":63,"column":18},"end":{"line":67,"column":null}},"24":{"start":{"line":68,"column":6},"end":{"line":68,"column":null}},"25":{"start":{"line":68,"column":19},"end":{"line":68,"column":null}},"26":{"start":{"line":69,"column":6},"end":{"line":69,"column":null}},"27":{"start":{"line":74,"column":8},"end":{"line":87,"column":null}},"28":{"start":{"line":76,"column":18},"end":{"line":80,"column":null}},"29":{"start":{"line":81,"column":6},"end":{"line":81,"column":null}},"30":{"start":{"line":81,"column":19},"end":{"line":81,"column":null}},"31":{"start":{"line":82,"column":19},"end":{"line":82,"column":null}},"32":{"start":{"line":83,"column":6},"end":{"line":83,"column":null}},"33":{"start":{"line":84,"column":6},"end":{"line":84,"column":null}},"34":{"start":{"line":89,"column":2},"end":{"line":89,"column":null}}},"fnMap":{"0":{"name":"buildDocumentUrl","decl":{"start":{"line":5,"column":16},"end":{"line":5,"column":33}},"loc":{"start":{"line":5,"column":61},"end":{"line":7,"column":null}},"line":5},"1":{"name":"buildFolderUrl","decl":{"start":{"line":9,"column":16},"end":{"line":9,"column":31}},"loc":{"start":{"line":9,"column":59},"end":{"line":11,"column":null}},"line":9},"2":{"name":"buildRenameUrl","decl":{"start":{"line":13,"column":16},"end":{"line":13,"column":31}},"loc":{"start":{"line":13,"column":59},"end":{"line":15,"column":null}},"line":13},"3":{"name":"assetFolderPath","decl":{"start":{"line":18,"column":16},"end":{"line":18,"column":32}},"loc":{"start":{"line":18,"column":57},"end":{"line":24,"column":null}},"line":18},"4":{"name":"useDocumentMutations","decl":{"start":{"line":26,"column":16},"end":{"line":26,"column":null}},"loc":{"start":{"line":29,"column":2},"end":{"line":90,"column":null}},"line":29},"5":{"name":"(anonymous_5)","decl":{"start":{"line":31,"column":4},"end":{"line":31,"column":11}},"loc":{"start":{"line":31,"column":79},"end":{"line":42,"column":null}},"line":31},"6":{"name":"(anonymous_6)","decl":{"start":{"line":47,"column":4},"end":{"line":47,"column":11}},"loc":{"start":{"line":47,"column":31},"end":{"line":57,"column":null}},"line":47},"7":{"name":"(anonymous_7)","decl":{"start":{"line":55,"column":15},"end":{"line":55,"column":21}},"loc":{"start":{"line":55,"column":21},"end":{"line":55,"column":23}},"line":55},"8":{"name":"(anonymous_8)","decl":{"start":{"line":62,"column":4},"end":{"line":62,"column":11}},"loc":{"start":{"line":62,"column":52},"end":{"line":70,"column":null}},"line":62},"9":{"name":"(anonymous_9)","decl":{"start":{"line":75,"column":4},"end":{"line":75,"column":11}},"loc":{"start":{"line":75,"column":65},"end":{"line":85,"column":null}},"line":75}},"branchMap":{"0":{"loc":{"start":{"line":20,"column":14},"end":{"line":20,"column":null}},"type":"cond-expr","locations":[{"start":{"line":20,"column":31},"end":{"line":20,"column":69}},{"start":{"line":20,"column":69},"end":{"line":20,"column":null}}],"line":20},"1":{"loc":{"start":{"line":21,"column":19},"end":{"line":21,"column":null}},"type":"cond-expr","locations":[{"start":{"line":21,"column":36},"end":{"line":21,"column":71}},{"start":{"line":21,"column":71},"end":{"line":21,"column":null}}],"line":21},"2":{"loc":{"start":{"line":31,"column":45},"end":{"line":31,"column":79}},"type":"default-arg","locations":[{
[...]
,"/Users/christianfischer/Documents/Projects/Private/admont-ai/admont-ai-ui/src/lib/pdf-export.ts": {"path":"/Users/christianfischer/Documents/Projects/Private/admont-ai/admont-ai-ui/src/lib/pdf-export.ts","statementMap":{"0":{"start":{"line":8,"column":26},"end":{"line":8,"column":null}},"1":{"start":{"line":11,"column":21},"end":{"line":11,"column":null}},"2":{"start":{"line":12,"column":4},"end":{"line":14,"column":null}},"3":{"start":{"line":13,"column":6},"end":{"line":13,"column":null}},"4":{"start":{"line":15,"column":4},"end":{"line":19,"column":null}},"5":{"start":{"line":16,"column":6},"end":{"line":18,"column":null}},"6":{"start":{"line":17,"column":8},"end":{"line":17,"column":null}},"7":{"start":{"line":23,"column":2},"end":{"line":42,"column":null}},"8":{"start":{"line":25,"column":4},"end":{"line":29,"column":null}},"9":{"start":{"line":26,"column":6},"end":{"line":28,"column":null}},"10":{"start":{"line":27,"column":8},"end":{"line":27,"column":null}},"11":{"start":{"line":31,"column":18},"end":{"line":31,"column":null}},"12":{"start":{"line":32,"column":36},"end":{"line":32,"column":null}},"13":{"start":{"line":33,"column":4},"end":{"line":36,"column":null}},"14":{"start":{"line":34,"column":6},"end":{"line":34,"column":null}},"15":{"start":{"line":34,"column":40},"end":{"line":34,"column":55}},"16":{"start":{"line":35,"column":6},"end":{"line":35,"column":null}},"17":{"start":{"line":35,"column":17},"end":{"line":35,"column":null}},"18":{"start":{"line":37,"column":4},"end":{"line":41,"column":null}},"19":{"start":{"line":38,"column":6},"end":{"line":40,"column":null}},"20":{"start":{"line":39,"column":8},"end":{"line":39,"column":null}},"21":{"start":{"line":44,"column":2},"end":{"line":44,"column":null}},"22":{"start":{"line":56,"column":17},"end":{"line":56,"column":null}},"23":{"start":{"line":57,"column":19},"end":{"line":80,"column":null}},"24":{"start":{"line":58,"column":16},"end":{"line":58,"column":null}},"25":{"start":{"line":59,"column":4},"end":{"line":59,"column":null}},"26":{"start":{"line":59,"column":14},"end":{"line":59,"column":null}},"27":{"start":{"line":61,"column":4},"end":{"line":61,"column":null}},"28":{"start":{"line":61,"column":33},"end":{"line":61,"column":null}},"29":{"start":{"line":64,"column":4},"end":{"line":69,"column":null}},"30":{"start":{"line":65,"column":6},"end":{"line":65,"column":null}},"31":{"start":{"line":67,"column":23},"end":{"line":67,"column":null}},"32":{"start":{"line":68,"column":6},"end":{"line":68,"column":null}},"33":{"start":{"line":71,"column":4},"end":{"line":79,"column":null}},"34":{"start":{"line":72,"column":18},"end":{"line":72,"column":null}},"35":{"start":{"line":73,"column":6},"end":{"line":73,"column":null}},"36":{"start":{"line":73,"column":19},"end":{"line":73,"column":null}},"37":{"start":{"line":74,"column":19},"end":{"line":74,"column":null}},"38":{"start":{"line":75,"column":22},"end":{"line":75,"column":null}},"39":{"start":{"line":76,"column":6},"end":{"line":76,"column":null}},"40":{"start":{"line":82,"column":2},"end":{"line":82,"column":null}},"41":{"start":{"line":86,"column":2},"end":{"line":91,"column":null}},"42":{"start":{"line":87,"column":19},"end":{"line":87,"column":null}},"43":{"start":{"line":88,"column":4},"end":{"line":88,"column":null}},"44":{"start":{"line":88,"column":26},"end":{"line":88,"column":null}},"45":{"start":{"line":89,"column":4},"end":{"line":89,"column":null}},"46":{"start":{"line":90,"column":4},"end":{"line":90,"column":null}},"47":{"start":{"line":97,"column":17},"end":{"line":97,"column":null}},"48":{"start":{"line":98,"column":19},"end":{"line":109,"column":null}},"49":{"start":{"line":99,"column":16},"end":{"line":99,"column":null}},"50":{"start":{"line":100,"column":4},"end":{"line":100,"column":null}},"51":{"start":{"line":100,"column":42},"end":{"line":100,"column":null}},"52":{"start":{"line":101,"column":4},"end":{"line":108,"column":null}},"53":{"start":{"line":102,"column":18},"end":{"line":102,"column":null}},"54":{"start":{"line":103,"column":19},"end":{"line":103,"column":null}},"55":{"start":{"line":104,"column":22},"end":{"line":104,"column":null}},"56":{"start":{"line":105,"column":6},"end":{"line":105,"column":null}},"57":{"start":{"line":110,"column":2},"end":{"line":110,"column":null}},"58":{"start":{"line":113,"column":22},"end":{"line":113,"column":null}},"59":{"start":{"line":115,"column":18},"end":{"line":115,"column":null}},"60":{"start":{"line":192,"column":2},"end":{"line":245,"column":null}},"61":{"start":{"line":193,"column":19},"end":{"line":193,"column":null}},"62":{"start":{"line":194,"column":4},"end":{"line":194,"column":null}},"63":{"start":{"line":195,"column":4},"end":{"line":195,"column":null}},"64":{"start":{"line":196,"column":4},"end":{"line":196,"column":null}},"65":{"start":{"line":197,"column":4},"end":{"line":197,"column":null}},"66":{"start":{"line":198,"column":4},"end":{"line":198,"column":null}},"67":{"start":{"line":199,"column":4},"end":{"line":199,"column":null}},"68":{"start":{"line":201,"column":16},"end":{"line":201,"column":null}},"69":{"start":{"line":202,"column":4},"end":{"line":202,"column":null}},"70":{"start":{"line":203,"column":4},"end":{"line":214,"column":null}},"71":{"start":{"line":215,"column":4},"end":{"line":215,"column":null}},"72":{"start":{"line":218,"column":26},"end":{"line":218,"column":null}},"73":{"start":{"line":219,"column":4},"end":{"line":221,"column":null}},"74":{"start":{"line":220,"column":6},"end":{"line":220,"column":null}},"75":{"start":{"line":224,"column":6},"end":{"line":227,"column":null}},"76":{"start":{"line":225,"column":8},"end":{"line":225,"column":null}},"77":{"start":{"line":226,"column":8},"end":{"line":226,"column":null}},"78":{"start":{"line":231,"column":4},"end":{"line":235,"column":null}},"79":{"start":{"line":232,"column":6},"end":{"line":232,"column":null}},"80":{"start":{"line":234,"column":6},"end":{"line":234,"column":null}},"81":{"start":{"line":239,"column":6},"end":{"line":243,"column":null}},"82":{"start":{"line":240,"column":8},"end":{"line":240,"column":null}},"83":{"start":{"line":242,"column":8},"end":{"line":242,"column":null}},"84":{"start":{"line":249,"column":2},"end":{"line":249,"column":null}}},"fnMap":{"0":{"name":"collectMarkdownFiles","decl":{"start":{"line":7,"column":16},"end":{"line":7,"column":37}},"loc":{"start":{"line":7,"column":82},"end":{"line":45,"column":null}},"line":7},"1":{"name":"walk","decl":{"start":{"line":10,"column":11},"end":{"line":10,"column":16}},"loc":{"start":{"line":10,"column":52},"end":{"line":20,"column":null}},"line":10},"2":{"name":"(anonymous_2)","decl":{"start":{"line":34,"column":33},"end":{"line":34,"column":34}},"loc":{"start":{"line":34,"column":40},"end":{"line":34,"column":55}},"line":34},"3":{"name":"resolveImages","decl":{"start":{"line":51,"column":22},"end":{"line":51,"column":null}},"loc":{"start":{"line":55,"column":17},"end":{"line":83,"column":null}},"line":55},"4":{"name":"(anonymous_4)","decl":{"start":{"line":57,"column":42},"end":{"line":57,"column":49}},"loc":{"start":{"line":57,"column":57},"end":{"line":80,"column":3}},"line":57},"5":{"name":"blobToDataUrl","decl":{"start":{"line":85,"column":9},"end":{"line":85,"column":23}},"loc":{"start":{"line":85,"column":52},"end":{"line":92,"column":null}},"line":85},"6":{"name":"(anonymous_6)","decl":{"start":{"line":86,"column":21},"end":{"line":86,"column":22}},"loc":{"start":{"line":86,"column":42},"end":{"line":91,"column":3}},"line":86},"7":{"name":"(anonymous_7)","decl":{"start":{"line":88,"column":20},"end":{"line":88,"column":26}},"loc":{"start":{"line":88,"column":26},"end":{"line":88,"column":null}},"line":88},"8":{"name":"resolveBlobUrls","decl":{"start":{"line":96,"column":22},"end":{"line":96,"column":38}},"loc":{"start":{"line":96,"column":77},"end":{"line":111,"column":null}},"line":96},"9":{"name":"(anonymous_9)","decl":{"start":{"line":98,"column":42},"end":{"line":98,"column":49}},"loc":{"start":{"line":98,"column":57},"end":{"line":109,"column":3}},"line":98},"10":{"name":"printHtml","decl":{"start":{"line":191,"column":16},"end":{"line":191,"column":26}},"loc":{"start":{"line":191,"column":70},"end":{"line":246,"column":null}},"line":191},"11":{"name":"(anonymous_11)","decl":{"start":{"line":192,"column":21},"end":{"line":192,"column":22}},"loc":{"start":{"line":192,"column":34},"end":{"line":245,"column":3}},"line":192},"12":{"name":"(anonymous_12)","decl":{"start":{"line":219,"column":33},"end":{"line":219,"column":39}},"loc":{"start":{"line":219,"column":39},"end":{"line":221,"column":null}},"line":219},"13":{"name":"cleanup","decl":{"start":{"line":223,"column":13},"end":{"line":223,"column":23}},"loc":{"start":{"line":223,"column":23},"end":{"line":228,"column":null}},"line":223},"14":{"name":"(anonymous_14)","decl":{"start":{"line":224,"column":17},"end":{"line":224,"column":23}},"loc":{"start":{"line":224,"column":23},"end":{"line":227,"column":9}},"line":224},"15":{"name":"triggerPrint","decl":{"start":{"line":237,"column":13},"end":{"line":237,"column":28}},"loc":{"start":{"line":237,"column":28},"end":{"line":244,"column":null}},"line":237},"16":{"name":"(anonymous_16)","decl":{"start":{"line":239,"column":17},"end":{"line":239,"column":23}},"loc":{"start":{"line":239,"column":23},"end":{"line":243,"column":9}},"line":239},"17":{"name":"escapeHtml","decl":{"start":{"line":248,"column":9},"end":{"line":248,"column":20}},"loc":{"start":{"line":248,"column":41},"end":{"line":250,"column":null}},"line":248}},"branchMap":{"0":{"loc":{"start":{"line":11,"column":21},"end":{"line":11,"column":null}},"type":"cond-expr","locations":[{"start":{"line":11,"column":35},"end":{"line":11,"column":67}},{"start":{"line":11,"column":67},"end":{"line":11,"column":null}}],"line":11},"1":{"loc":{"start":{"line":12,"column":4},"end":{"line":14,"column":null}},"type":"if","locations":[{"start":{"line":12,"column":4},"end":{"line":14,"column":null}},{"start":{},"end":{}}],"line":12},"2":{"loc":{"start":{"line":12,"column":8},"end":{"line":12,"column":73}},"type":"binary-expr","locations":[{"start":{"line":12,"column":8},"end":{"line":12,"column":32}},{"start":{"line":12,"column":32},"end":{"line":12,"column":73}}],"line":12},"3":{"loc":{"start":{"line":15,"column":4},"end":{"line":19,"column":null}},"type":"if","locations":[{"start":{"line":15,"column":4},"end":{"line":19,"column":null}},{"start":{},"end":{}}],"line":15},"4":{"loc":{"start":{"line":23,"column":2},"end":{"line":42,"column":null}},"type":"if","locations":[{"start":{"line":23,"column":2},"end":{"line":42,"column":null}},{"start":{"line":30,"column":9},"end":{"line":42,"column":null}}],"line":23},"5":{"loc":{"start":{"line":25,"column":4},"end":{"line":29,"column":null}},"type":"if","locations":[{"start":{"line":25,"column":4},"end":{"line":29,"column":null}},{"start":{},"end":{}}],"line":25},"6":{"loc":{"start":{"line":35,"column":6},"end":{"line":35,"column":null}},"type":"if","locations":[{"start":{"line":35,"column":6},"end":{"line":35,"column":null}},{"start":{},"end":{}}],"line":35},"7":{"loc":{"start":{"line":37,"column":4},"end":{"line":41,"column":null}},"type":"if","locations":[{"start":{"line":37,"column":4},"end":{"line":41,"column":null}},{"start":{},"end":{}}],"line":37},"8":{"loc":{"start":{"line":59,"column":4},"end":{"line":59,"column":null}},"type":"if","locations":[{"start":{"line":59,"column":4},"end":{"line":59,"column":null}},{"start":{},"end":{}}],"line":59},"9":{"loc":{"start":{"line":61,"column":4},"end":{"line":61,"column":null}},"type":"if","locations":[{"start":{"line":61,"column":4},"end":{"line":61,"column":null}},{"start":{},"end":{}}],"line":61},"10":{"loc":{"start":{"line":64,"column":4},"end":{"line":69,"column":null}},"type":"if","locations":[{"start":{"line":64,"column":4},"end":{"line":69,"column":null}},{"start":{"line":66,"column":11},"end":{"line":69,"column":null}}],"line":64},"11":{"loc":{"start":{"line":64,"column":8},"end":{"line":64,"column":55}},"type":"binary-expr","locations":[{"start":{"line":64,"column":8},"end":{"line":64,"column":34}},{"start":{"line":64,"column":34},"end":{"line":64,"column":55}}],"line":64},"12":{"loc":{"start":{"line":67,"column":23},"end":{"line":67,"column":null}},"type":"cond-expr","locations":[{"start":{"line":67,"column":46},"end":{"line":67,"column":61}},{"start":{"line":67,"column":61},"end":{"line":67,"column":null}}],"line":67},"13":{"loc":{"start":{"line":73,"column":6},"end":{"line":73,"column":null}},"type":"if","locations":[{"start":{"line":73,"column":6},"end":{"line":73,"column":null}},{"start":{},"end":{}}],"line":73},"14":{"loc":{"start":{"line":100,"column":4},"end":{"line":100,"column":null}},"type":"if","locations":[{"start":{"line":100,"column":4},"end":{"line":100,"column":null}},{"start":{},"end":{}}],"line":100},"15":{"loc":{"start":{"line":100,"column":8},"end":{"line":100,"column":42}},"type":"binary-expr","locations":[{"start":{"line":100,"column":8},"end":{"line":100,"column":16}},{"start":{"line":100,"column":16},"end":{"line":100,"column":42}}],"line":100},"16":{"loc":{"start":{"line":231,"column":4},"end":{"line":235,"column":null}},"type":"if","locations":[{"start":{"line":231,"column":4},"end":{"line":235,"column":null}},{"start":{"line":233,"column":11},"end":{"line":235,"column":null}}],"line":231}},"s":{"0":8,"1":29,"2":29,"3":15,"4":29,"5":8,"6":12,"7":8,"8":3,"9":2,"10":8,"11":5,"12":5,"13":5,"14":6,"15":21,"16":6,"17":1,"18":4,"19":4,"20":9,"21":7,"22":9,"23":9,"24":11,"25":11,"26":1,"27":10,"28":2,"29":8,"30":2,"31":6,"32":6,"33":8,"34":8,"35":7,"36":1,"37":6,"38":6,"39":6,"40":9,"41":6,"42":6,"43":6,"44":6,"45":6,"46":6,"47":3,"48":3,"49":3,"50":3,"51":3,"52":0,"53":0,"54":0,"55":0,"56":0,"57":3,"58":1,"59":1,"60":2,"61":2,"62":2,"63":2,"64":2,"65":2,"66":2,"67":2,"68":2,"69":2,"70":2,"71":2,"72":2,"73":2,"74":0,"75":2,"76":2,"77":2,"78":2,"79":2,"80":0,"81":2,"82":2,"83":2,"84":2},"f":{"0":8,"1":29,"2":21,"3":9,"4":11,"5":6,"6":6,"7":6,"8":3,"9":3,"10":2,"11":2,"12":0,"13":2,"14":2,"15":2,"16":2,"17":2},"b":{"0":[21,8],"1":[15,14],"2":[29,21],"3":[8,21],"4":[3,5],"5":[2,1],"6":[1,5],"7":[4,0],"8":[1,10],"9":[2,8],"10":[2,6],"11":[8,7],"12":[1,5],"13":[1,6],"14":[3,0],"15":[3,2],"16":[2,0]},"meta":{"lastBranch":17,"lastFunction":18,"lastStatement":85,"seen":{"f:7:16:7:37":0,"s:8:26:8:Infinity":0,"f:10:11:10:16":1,"s:11:21:11:Infinity":1,"b:11:35:11:67:11:67:11:Infinity":0,"b:12:4:14:Infinity:undefined:undefined:undefined:undefined":1,"s:12:4:14:Infinity":2,"b:12:8:12:32:12:32:12:73":2,"s:13:6:13:Infinity":3,"b:15:4:19:Infinity:undefined:undefined:undefined:undefined":3,"s:15:4:19:Infinity":4,"s:16:6:18:Infinity":5,"s:17:8:17:Infinity":6,"b:23:2:42:Infinity:30:9:42:Infinity":4,"s:23:2:42:Infinity":7,"b:25:4:29:Infinity:undefined:undefined:undefined:undefined":5,"s:25:4:29:Infinity":8,"s:26:6:28:Infinity":9,"s:27:8:27:Infinity":10,"s:31:18:31:Infinity":11,"s:32:36:32:Infinity":12,"s:33:4:36:Infinity":13,"s:34:6:34:Infinity":14,"f:34:33:34:34":2,"s:34:40:34:55":15,"b:35:6:35:Infinity:undefined:undefined:undefined:undefined":6,"s:35:6:35:Infinity":16,"s:35:17:35:Infinity":17,"b:37:4:41:Infinity:undefined:undefined:undefined:undefined":7,"s:37:4:41:Infinity":18,"s:38:6:40:Infinity":19,"s:39:8:39:Infinity":20,"s:44:2:44:Infinity":21,"f:51:22:51:Infinity":3,"s:56:17:56:Infinity":22,"s:57:19:80:Infinity":23,"f:57:42:57:49":4,"s:58:16:58:Infinity":24,"b:59:4:59:Infinity:undefined:undefined:undefined:undefined":8,"s:59:4:59:Infinity":25,"s:59:14:59:Infinity":26,"b:61:4:61:Infinity:undefined:undefined:undefined:undefined":9,"s:61:4:61:Infinity":27,"s:61:33:61:Infinity":28,"b:64:4:69:Infinity:66:11:69:Infinity":10,"s:64:4:69:Infinity":29,"b:64:8:64:34:64:34:64:55":11,"s:65:6:65:Infinity":30,"s:67:23:67:Infinity":31,"b:67:46:67:61:67:61:67:Infinity":12,"s:68:6:68:Infinity":32,"s:71:4:79:Infinity":33,"s:72:18:72:Infinity":34,"b:73:6:73:Infinity:undefined:undefined:undefined:undefined":13,"s:73:6:73:Infinity":35,"s:73:19:73:Infinity":36,"s:74:19:74:Infinity":37,"s:75:22:75:Infinity":38,"s:76:6:76:Infinity":39,"s:82:2:82:Infinity":40,"f:85:9:85:23":5,"s:86:2:91:Infinity":41,"f:86:21:86:22":6,"s:87:19:87:Infinity":42,"s:88:4:88:Infinity":43,"f:88:20:88:26":7,"s:88:26:88:Infinity":44,"s:89:4:89:Infinity":45,"s:90:4:90:Infinity":46,"f:96:22:96:38":8,"s:97:17:97:Infinity":47,"s:98:19:109:Infinity":48,"f:98:42:98:49":9,"s:99:16:99:Infinity":49,"b:100:4:100:Infinity:undefined:undefined:undefined:undefined":14,"s:100:4:100:Infinity":50,"b:100:8:100:16:100:16:100:42":15,"s:100:42:100:Infinity":51,"s:101:4:108:Infinity":52,"s:102:18:102:Infinity":53,"s:103:19:103:Infinity":54,"s:104:22:104:Infinity":55,"s:105:6:105:Infinity":56,"s:110:2:110:Infinity":57,"s:113:22:113:Infinity":58,"s:115:18:115:Infinity":59,"f:191:16:191:26":10,"s:192:2:245:Infinity":60,"f:192:21:192:22":11,"s:193:19:193:Infinity":61,"s:194:4:194:Infinity":62,"s:195:4:195:Infinity":63,"s:196:4:196:Infinity":64,"s:197:4:197:Infinity":65,"s:198:4:198:Infinity":66,"s:199:4:199:Infinity":67,"s:201:16:201:Infinity":68,"s:202:4:202:Infinity":69,"s:203:4:214:Infinity":70,"s:215:4:215:Infinity":71,"s:218:26:218:Infinity":72,"s:219:4:221:Infinity":73,"f:219:33:219:39":12,"s:220:6:220:Infinity":74,"f:223:13:223:23":13,"s:224:6:227:Infinity":75,"f:224:17:224:23":14,"s:225:8:225:Infinity":76,"s:226:8:226:Infinity":77,"b:231:4:235:Infinity:233:11:235:Infinity":16,"s:231:4:235:Infinity":78,"s:232:6:232:Infinity":79,"s:234:6:234:Infinity":80,"f:237:13:237:28":15,"s:239:6:243:Infinity":81,"f:239:17:239:23":16,"s:240:8:240:Infinity":82,"s:242:8:242:Infinity":83,"f:248:9:248:20":17,"s:249:2:249:Infinity":84}}}
,"/Users/christianfischer/Documents/Projects/Private/admont-ai/admont-ai-ui/src/lib/utils.ts": {"path":"/Users/christianfischer/Documents/Projects/Private/admont-ai/admont-ai-ui/src/lib/utils.ts","statementMap":{"0":{"start":{"line":5,"column":2},"end":{"line":5,"column":null}}},"fnMap":{"0":{"name":"cn","decl":{"start":{"line":4,"column":16},"end":{"line":4,"column":22}},"loc":{"start":{"line":4,"column":44},"end":{"line":6,"column":null}},"line":4}},"branchMap":{},"s":{"0":12},"f":{"0":12},"b":{},"meta":{"lastBranch":0,"lastFunction":1,"lastStatement":1,"seen":{"f:4:16:4:22":0,"s:5:2:5:Infinity":0}}}
}
